#
# A fatal error has been detected by the Java Runtime Environment:
#
#  SIGSEGV (0xb) at pc=0x0000000000000000, pid=1, tid=61
#
# JRE version: OpenJDK Runtime Environment Temurin-17.0.17+10 (17.0.17+10) (build 17.0.17+10)
# Java VM: OpenJDK 64-Bit Server VM Temurin-17.0.17+10 (17.0.17+10, mixed mode, sharing, tiered, compressed oops, compressed class ptrs, g1 gc, linux-amd64)
# Problematic frame:
# V  [libjvm.so+0xc73297]  PhaseIterGVN::remove_speculative_types()+0x57
#
# No core dump will be written. Core dumps have been disabled. To enable core dumping, try "ulimit -c unlimited" before starting Java again
#
# If you would like to submit a bug report, please visit:
#   https://github.com/adoptium/adoptium-support/issues
#

---------------  S U M M A R Y ------------

Command Line: --enable-native-access=ALL-UNNAMED -Dclassworlds.conf=/usr/share/maven/bin/m2.conf -Dmaven.home=/usr/share/maven -Dlibrary.jansi.path=/usr/share/maven/lib/jansi-native -Dmaven.multiModuleProjectDirectory=/app org.codehaus.plexus.classworlds.launcher.Launcher spring-boot:run

Host: Intel(R) Core(TM) i9-9880H CPU @ 2.30GHz, 16 cores, 7G, Ubuntu 24.04.3 LTS
Time: Mon Mar 30 19:54:43 2026 UTC elapsed time: 3.950411 seconds (0d 0h 0m 3s)

---------------  T H R E A D  ---------------

Current thread (0x00007fd14815f9f0):  JavaThread "C2 CompilerThread0" daemon [_thread_in_native, id=61, stack(0x00007fd1278fe000,0x00007fd1279fe000)]


Current CompileTask:
C2:3956 6277       4       com.sun.tools.javac.main.DelegatingJavaFileManager::inferBinaryName (13 bytes)

Stack: [0x00007fd1278fe000,0x00007fd1279fe000],  sp=0x00007fd1279f9a50,  free space=1006k
Native frames: (J=compiled Java code, j=interpreted, Vv=VM code, C=native code)
V  [libjvm.so+0xc73297]  PhaseIterGVN::remove_speculative_types()+0x57
V  [libjvm.so+0x5c3788]  Compile::remove_speculative_types(PhaseIterGVN&) [clone .part.0]+0x208
V  [libjvm.so+0x5d2c8b]  Compile::Optimize()+0x3fb
V  [libjvm.so+0x5d4eb5]  Compile::Compile(ciEnv*, ciMethod*, int, bool, bool, bool, bool, bool, DirectiveSet*)+0xe65
V  [libjvm.so+0x514ba9]  C2Compiler::compile_method(ciEnv*, ciMethod*, int, bool, DirectiveSet*)+0xe9
V  [libjvm.so+0x5ddf73]  CompileBroker::invoke_compiler_on_method(CompileTask*)+0xea3
V  [libjvm.so+0x5deeb8]  CompileBroker::compiler_thread_loop()+0x708
V  [libjvm.so+0xe687d6]  JavaThread::thread_main_inner()+0x196
V  [libjvm.so+0xe6c0aa]  Thread::call_run()+0xaa
V  [libjvm.so+0xc28e63]  thread_native_entry(Thread*)+0xe3
C  [libc.so.6+0x9caa4]


siginfo: si_signo: 11 (SIGSEGV), si_code: 1 (SEGV_MAPERR), si_addr: 0x0000000000000000

Registers:
RAX=0x00007fd15150fac0, RBX=0x0000000000000a4f, RCX=0x00007fd1279fc1a0, RDX=0x0000000000008000
RSP=0x00007fd1279f9a48, RBP=0x00007fd1279f9a80, RSI=0x00007fd0a0538e70, RDI=0x00007fd0a0429f38
R8 =0x0000000000000460, R9 =0x00007fd0a07477a0, R10=0x00007fd0a0703290, R11=0x0000000000080000
R12=0x00007fd1279f9d20, R13=0x00007fd0a0029f38, R14=0x00007fd1279f9d60, R15=0x0000000000000a4f
RIP=0x0000000000000000, EFLAGS=0x0000000000010202, CSGSFS=0x002b000000000033, ERR=0x0000000000000014
  TRAPNO=0x000000000000000e

XMM[0]=0x00007fd0a021afd0 0x0000000000000000
XMM[1]=0x0000000000000000 0x0000000000000000
XMM[2]=0x00007fd05804bbe0 0x00007fd0a066a770
XMM[3]=0x00007fd0a00fe108 0x00007fd0a066ea18
XMM[4]=0x00007fd0a0277f40 0x00007fd0a02790a0
XMM[5]=0x00007fd0a049f4e0 0x00007fd0a049b618
XMM[6]=0x00007fd0705a35d0 0x00007fd04c28eb78
XMM[7]=0x00007fd0a027a7f0 0x00007fd0a027b980
XMM[8]=0x00007fd0a0277f40 0x00007fd0a02790a0
XMM[9]=0x0000000000000000 0x4008000000000000
XMM[10]=0x0000000000000000 0x46293e5939a08cea
XMM[11]=0x0000000000000000 0x4376345785d8a000
XMM[12]=0xc19bf1749bdc06a7 0x80deb1fe72be5d74
XMM[13]=0x550c7dc3243185be 0x12835b01d807aa98
XMM[14]=0xab1c5ed5923f82a4 0x59f111f13956c25b
XMM[15]=0x0000000000000000 0x0000000000000000
  MXCSR=0x00001fa0


Register to memory mapping:

RAX=0x00007fd15150fac0: <offset 0x000000000130fac0> in /opt/java/openjdk/lib/server/libjvm.so at 0x00007fd150200000
RBX=0x0000000000000a4f is an unknown value
RCX=0x00007fd1279fc1a0 is pointing into the stack for thread: 0x00007fd14815f9f0
RDX=0x0000000000008000 is an unknown value
RSP=0x00007fd1279f9a48 is pointing into the stack for thread: 0x00007fd14815f9f0
RBP=0x00007fd1279f9a80 is pointing into the stack for thread: 0x00007fd14815f9f0
RSI=0x00007fd0a0538e70 points into unknown readable memory: 0x000000007fffffff | ff ff ff 7f 00 00 00 00
RDI=0x00007fd0a0429f38 points into unknown readable memory: 0x00007fd08c2bee50 | 50 ee 2b 8c d0 7f 00 00
R8 =0x0000000000000460 is an unknown value
R9 =0x00007fd0a07477a0 points into unknown readable memory: 0x0000000200000001 | 01 00 00 00 02 00 00 00
R10=0x00007fd0a0703290 points into unknown readable memory: 0x0000000000000000 | 00 00 00 00 00 00 00 00
R11=0x0000000000080000 is an unknown value
R12=0x00007fd1279f9d20 is pointing into the stack for thread: 0x00007fd14815f9f0
R13=0x00007fd0a0029f38 points into unknown readable memory: 0x00007fd151422000 | 00 20 42 51 d1 7f 00 00
R14=0x00007fd1279f9d60 is pointing into the stack for thread: 0x00007fd14815f9f0
R15=0x0000000000000a4f is an unknown value


Top of Stack: (sp=0x00007fd1279f9a48)
0x00007fd1279f9a48:   00007fd150e73297 00007fd1279f9a80
0x00007fd1279f9a58:   0000000000001eee 0000000000000001
0x00007fd1279f9a68:   00007fd0746ae6a8 00007fd08c1754d8
0x00007fd1279f9a78:   00007fd08c1754d8 00007fd1279f9b40
0x00007fd1279f9a88:   00007fd1507c3788 00007fd1279fa6f8
0x00007fd1279f9a98:   00007fd1279fa6a8 00007fd1279f9d20
0x00007fd1279f9aa8:   00007fd1279f9ae0 0000493c0000000b
0x00007fd1279f9ab8:   00007fd0a0029f38 00007fd14815df60
0x00007fd1279f9ac8:   00007fd100002000 00007fd0a04efd40
0x00007fd1279f9ad8:   00007fd100001eee 00007fd100000400
0x00007fd1279f9ae8:   00007fd08c076700 0000000000000400
0x00007fd1279f9af8:   00007fd14815df60 0000000000000000
0x00007fd1279f9b08:   00007fd1279f9bf0 00007fd1279f9b40
0x00007fd1279f9b18:   00007fd15150e309 00007fd1279fbe90
0x00007fd1279f9b28:   00007fd1279f9d20 00007fd1279fa740
0x00007fd1279f9b38:   00007fd1279f9bf0 00007fd1279fb1e0
0x00007fd1279f9b48:   00007fd1507d2c8b 0000000000000000
0x00007fd1279f9b58:   00007fd0a0747ba0 00007fd1279f9b70
0x00007fd1279f9b68:   00007fd15107cc81 00007fd1279f9bd0
0x00007fd1279f9b78:   91c4f25032653900 00007fd1279f9c00
0x00007fd1279f9b88:   00007fd148047990 00007fd14815df60
0x00007fd1279f9b98:   00007fd08c0722d0 00007fd08c075a90
0x00007fd1279f9ba8:   00007fd08c07a2b8 00000000000382c0
0x00007fd1279f9bb8:   00007fd150c9a742 00007fd06409eb10
0x00007fd1279f9bc8:   00007fd0a0537f80 0000000000000004
0x00007fd1279f9bd8:   00007fd0a0747d50 00007fd1279f9bf0
0x00007fd1279f9be8:   00007fd15107cc81 00007fd0cc0f0000
0x00007fd1279f9bf8:   0000000000000000 00007fd1279f9c30
0x00007fd1279f9c08:   00007fd15100d900 0000000000000000
0x00007fd1279f9c18:   00007fd1511abc3c 0000000000000000
0x00007fd1279f9c28:   0000000000000000 0000000000000000
0x00007fd1279f9c38:   00007fd1511abc3c 00007fd14815f900 

Instructions: (pc=0x00007fd150e73297)
0x00007fd150e73197:   4c 89 e6 e8 d1 ac ff ff 48 89 c3 48 85 c0 74 ce
0x00007fd150e731a7:   4c 39 e0 74 c9 eb ab 66 90 49 8d 7f 40 e8 77 ea
0x00007fd150e731b7:   ff ff 49 8b 47 50 48 01 d8 e9 4c ff ff ff 0f 1f
0x00007fd150e731c7:   00 49 8d 7f 40 89 de e8 5d ea ff ff 49 8b 47 50
0x00007fd150e731d7:   48 c7 04 d8 00 00 00 00 e9 fb fe ff ff 0f 1f 40
0x00007fd150e731e7:   00 49 8b 87 a8 09 00 00 48 89 01 e9 25 fe ff ff
0x00007fd150e731f7:   66 0f 1f 84 00 00 00 00 00 b9 01 00 00 00 4c 89
0x00007fd150e73207:   f2 4c 89 fe ff d0 49 89 c4 48 85 c0 0f 85 64 fe
0x00007fd150e73217:   ff ff e9 23 fe ff ff 66 90 4c 89 ee 4c 89 ff e8
0x00007fd150e73227:   a5 b4 ff ff 48 89 c3 e9 26 ff ff ff 90 66 66 2e
0x00007fd150e73237:   0f 1f 84 00 00 00 00 00 90 8b 57 48 85 d2 74 79
0x00007fd150e73247:   55 48 89 e5 41 57 41 56 4c 8d 77 40 41 55 41 54
0x00007fd150e73257:   49 89 fc 53 31 db 48 83 ec 08 eb 1a 0f 1f 44 00
0x00007fd150e73267:   00 49 8b 44 24 50 4e 89 2c f8 41 8b 54 24 48 83
0x00007fd150e73277:   c3 01 39 d3 73 33 49 8b 44 24 50 41 89 df 4a 8b
0x00007fd150e73287:   3c f8 48 85 ff 74 e8 48 8b 07 ff 90 80 00 00 00
0x00007fd150e73297:   49 89 c5 41 39 5c 24 48 77 c7 89 de 4c 89 f7 e8
0x00007fd150e732a7:   85 e9 ff ff eb bb 0f 1f 00 48 83 c4 08 5b 41 5c
0x00007fd150e732b7:   41 5d 41 5e 41 5f 5d c3 90 c3 90 66 66 2e 0f 1f
0x00007fd150e732c7:   84 00 00 00 00 00 0f 1f 00 55 48 89 e5 41 57 41
0x00007fd150e732d7:   56 49 89 fe 41 55 41 54 53 48 81 ec c8 00 00 00
0x00007fd150e732e7:   48 8b 47 10 8b 98 40 02 00 00 83 eb 01 78 52 48
0x00007fd150e732f7:   8d 47 40 4c 63 e3 4c 8d 3d a4 56 6d 00 48 89 85
0x00007fd150e73307:   78 ff ff ff 49 c1 e4 03 eb 1b 0f 1f 80 00 00 00
0x00007fd150e73317:   00 49 8b 46 50 83 eb 01 4e 89 2c 20 49 83 ec 08
0x00007fd150e73327:   83 fb ff 74 1c 4d 8b 2f 41 39 5e 48 77 e3 48 8b
0x00007fd150e73337:   bd 78 ff ff ff 89 de e8 ed e8 ff ff eb d3 0f 1f
0x00007fd150e73347:   00 66 48 8d 3d 60 fc 64 00 66 66 48 e8 98 01 5e
0x00007fd150e73357:   ff c7 45 88 04 00 00 00 48 8b 00 4c 8b a0 38 02
0x00007fd150e73367:   00 00 49 8b 7c 24 18 4c 89 65 80 48 83 ff df 76
0x00007fd150e73377:   19 4c 89 e7 48 8d 15 1a 84 31 00 be 20 00 00 00
0x00007fd150e73387:   e8 04 cc 75 ff 49 8b 7c 24 18 48 8d 47 20 49 3b 


Stack slot to memory mapping:
stack at sp + 0 slots: 0x00007fd1279f9a80 is pointing into the stack for thread: 0x00007fd14815f9f0
stack at sp + 1 slots: 0x0000000000001eee is an unknown value
stack at sp + 2 slots: 0x0000000000000001 is an unknown value
stack at sp + 3 slots: 0x00007fd0746ae6a8 points into unknown readable memory: 0x00007fd15149d490 | 90 d4 49 51 d1 7f 00 00
stack at sp + 4 slots: 0x00007fd08c1754d8 points into unknown readable memory: 0x00007fd0746ae6a8 | a8 e6 6a 74 d0 7f 00 00
stack at sp + 5 slots: 0x00007fd08c1754d8 points into unknown readable memory: 0x00007fd0746ae6a8 | a8 e6 6a 74 d0 7f 00 00
stack at sp + 6 slots: 0x00007fd1279f9b40 is pointing into the stack for thread: 0x00007fd14815f9f0
stack at sp + 7 slots: 0x00007fd1507c3788: <offset 0x00000000005c3788> in /opt/java/openjdk/lib/server/libjvm.so at 0x00007fd150200000


---------------  P R O C E S S  ---------------

Threads class SMR info:
_java_thread_list=0x00007fcff018ae70, length=20, elements={
0x00007fd148029b40, 0x00007fd148154f00, 0x00007fd1481562e0, 0x00007fd14815b800,
0x00007fd14815cbb0, 0x00007fd14815dfc0, 0x00007fd14815f9f0, 0x00007fd148160f20,
0x00007fd148162390, 0x00007fd0a009d770, 0x00007fd148192640, 0x00007fd148195640,
0x00007fd08c1e8dc0, 0x00007fd08c1e9960, 0x00007fd08c1ee420, 0x00007fd08c1ef580,
0x00007fd08c2ba270, 0x00007fd08c2bb3e0, 0x00007fd1489ff1d0, 0x00007fd08c2bd640
}

Java Threads: ( => current thread )
  0x00007fd148029b40 JavaThread "main" [_thread_in_vm, id=49, stack(0x00007fd150017000,0x00007fd150117000)]
  0x00007fd148154f00 JavaThread "Reference Handler" daemon [_thread_blocked, id=56, stack(0x00007fd12c1f1000,0x00007fd12c2f1000)]
  0x00007fd1481562e0 JavaThread "Finalizer" daemon [_thread_blocked, id=57, stack(0x00007fd12c0f0000,0x00007fd12c1f0000)]
  0x00007fd14815b800 JavaThread "Signal Dispatcher" daemon [_thread_blocked, id=58, stack(0x00007fd127f00000,0x00007fd128000000)]
  0x00007fd14815cbb0 JavaThread "Service Thread" daemon [_thread_blocked, id=59, stack(0x00007fd127b00000,0x00007fd127c00000)]
  0x00007fd14815dfc0 JavaThread "Monitor Deflation Thread" daemon [_thread_blocked, id=60, stack(0x00007fd1279ff000,0x00007fd127aff000)]
=>0x00007fd14815f9f0 JavaThread "C2 CompilerThread0" daemon [_thread_in_native, id=61, stack(0x00007fd1278fe000,0x00007fd1279fe000)]
  0x00007fd148160f20 JavaThread "C1 CompilerThread0" daemon [_thread_blocked, id=62, stack(0x00007fd1277fd000,0x00007fd1278fd000)]
  0x00007fd148162390 JavaThread "Sweeper thread" daemon [_thread_blocked, id=63, stack(0x00007fd1276fc000,0x00007fd1277fc000)]
  0x00007fd0a009d770 JavaThread "C1 CompilerThread1" daemon [_thread_in_vm, id=64, stack(0x00007fd1275fb000,0x00007fd1276fb000)]
  0x00007fd148192640 JavaThread "Notification Thread" daemon [_thread_blocked, id=65, stack(0x00007fd1274fa000,0x00007fd1275fa000)]
  0x00007fd148195640 JavaThread "Common-Cleaner" daemon [_thread_blocked, id=67, stack(0x00007fd1272f8000,0x00007fd1273f8000)]
  0x00007fd08c1e8dc0 JavaThread "C2 CompilerThread1" daemon [_thread_blocked, id=69, stack(0x00007fd1271f7000,0x00007fd1272f7000)]
  0x00007fd08c1e9960 JavaThread "C2 CompilerThread2" daemon [_thread_blocked, id=70, stack(0x00007fd1270f6000,0x00007fd1271f6000)]
  0x00007fd08c1ee420 JavaThread "C1 CompilerThread2" daemon [_thread_blocked, id=71, stack(0x00007fd126ff5000,0x00007fd1270f5000)]
  0x00007fd08c1ef580 JavaThread "C1 CompilerThread3" daemon [_thread_blocked, id=72, stack(0x00007fd126ef4000,0x00007fd126ff4000)]
  0x00007fd08c2ba270 JavaThread "C2 CompilerThread3" daemon [_thread_in_native, id=73, stack(0x00007fd126b00000,0x00007fd126c00000)]
  0x00007fd08c2bb3e0 JavaThread "C2 CompilerThread4" daemon [_thread_blocked, id=74, stack(0x00007fd1269ff000,0x00007fd126aff000)]
  0x00007fd1489ff1d0 JavaThread "Thread-1" daemon [_thread_blocked, id=84, stack(0x00007fd1262f8000,0x00007fd1263f8000)]
  0x00007fd08c2bd640 JavaThread "C2 CompilerThread5" daemon [_thread_blocked, id=93, stack(0x00007fd1259ef000,0x00007fd125aef000)]

Other Threads:
  0x00007fd148150e00 VMThread "VM Thread" [stack: 0x00007fd12c2f2000,0x00007fd12c3f2000] [id=55]
  0x00007fd148193ff0 WatcherThread [stack: 0x00007fd1273f9000,0x00007fd1274f9000] [id=66]
  0x00007fd1480859b0 GCTaskThread "GC Thread#0" [stack: 0x00007fd14c300000,0x00007fd14c400000] [id=50]
  0x00007fd0c4006c80 GCTaskThread "GC Thread#1" [stack: 0x00007fd1265fb000,0x00007fd1266fb000] [id=78]
  0x00007fd0c4007a80 GCTaskThread "GC Thread#2" [stack: 0x00007fd1264fa000,0x00007fd1265fa000] [id=79]
  0x00007fd0c400ae20 GCTaskThread "GC Thread#3" [stack: 0x00007fd1268fe000,0x00007fd1269fe000] [id=80]
  0x00007fd0c400b1a0 GCTaskThread "GC Thread#4" [stack: 0x00007fd1267fd000,0x00007fd1268fd000] [id=81]
  0x00007fd0c400fdb0 GCTaskThread "GC Thread#5" [stack: 0x00007fd1266fc000,0x00007fd1267fc000] [id=82]
  0x00007fd0c40103d0 GCTaskThread "GC Thread#6" [stack: 0x00007fd1263f9000,0x00007fd1264f9000] [id=83]
  0x00007fd0c400f610 GCTaskThread "GC Thread#7" [stack: 0x00007fd1261f7000,0x00007fd1262f7000] [id=85]
  0x00007fd0c4012f10 GCTaskThread "GC Thread#8" [stack: 0x00007fd1260f6000,0x00007fd1261f6000] [id=86]
  0x00007fd0c40138e0 GCTaskThread "GC Thread#9" [stack: 0x00007fd125ff5000,0x00007fd1260f5000] [id=87]
  0x00007fd0c4011520 GCTaskThread "GC Thread#10" [stack: 0x00007fd125ef4000,0x00007fd125ff4000] [id=88]
  0x00007fd0c4011d90 GCTaskThread "GC Thread#11" [stack: 0x00007fd125df3000,0x00007fd125ef3000] [id=89]
  0x00007fd0c4012760 GCTaskThread "GC Thread#12" [stack: 0x00007fd125cf2000,0x00007fd125df2000] [id=90]
  0x00007fd148096820 ConcurrentGCThread "G1 Main Marker" [stack: 0x00007fd14c1ff000,0x00007fd14c2ff000] [id=51]
  0x00007fd148097790 ConcurrentGCThread "G1 Conc#0" [stack: 0x00007fd14c0fe000,0x00007fd14c1fe000] [id=52]
  0x00007fd120000eb0 ConcurrentGCThread "G1 Conc#1" [stack: 0x00007fd125bf1000,0x00007fd125cf1000] [id=91]
  0x00007fd120001900 ConcurrentGCThread "G1 Conc#2" [stack: 0x00007fd125af0000,0x00007fd125bf0000] [id=92]
  0x00007fd148123da0 ConcurrentGCThread "G1 Refine#0" [stack: 0x00007fd12c4f4000,0x00007fd12c5f4000] [id=53]
  0x00007fd114000eb0 ConcurrentGCThread "G1 Refine#1" [stack: 0x00007fd1257ed000,0x00007fd1258ed000] [id=95]
  0x00007fcfec000eb0 ConcurrentGCThread "G1 Refine#2" [stack: 0x00007fd1256ec000,0x00007fd1257ec000] [id=96]
  0x00007fcfe4000eb0 ConcurrentGCThread "G1 Refine#3" [stack: 0x00007fd1255eb000,0x00007fd1256eb000] [id=97]
  0x00007fcfe0000eb0 ConcurrentGCThread "G1 Refine#4" [stack: 0x00007fd1254ea000,0x00007fd1255ea000] [id=98]
  0x00007fd148124ca0 ConcurrentGCThread "G1 Service" [stack: 0x00007fd12c3f3000,0x00007fd12c4f3000] [id=54]

Threads with active compile tasks:
C2 CompilerThread0  4364 6277       4       com.sun.tools.javac.main.DelegatingJavaFileManager::inferBinaryName (13 bytes)
C2 CompilerThread3  4366 6750       4       java.lang.invoke.MethodType::makeImpl (109 bytes)

VM state: not at safepoint (normal execution)

VM Mutex/Monitor currently owned by a thread: None

Heap address: 0x0000000083e00000, size: 1986 MB, Compressed Oops mode: 32-bit

CDS archive(s) mapped at: [0x00007fd0cf000000-0x00007fd0cfbcc000-0x00007fd0cfbcc000), size 12369920, SharedBaseAddress: 0x00007fd0cf000000, ArchiveRelocationMode: 1.
Compressed class space mapped at: 0x00007fd0d0000000-0x00007fd110000000, reserved size: 1073741824
Narrow klass base: 0x00007fd0cf000000, Narrow klass shift: 0, Narrow klass range: 0x100000000

GC Precious Log:
 CPUs: 16 total, 16 available
 Memory: 7937M
 Large Page Support: Disabled
 NUMA Support: Disabled
 Compressed Oops: Enabled (32-bit)
 Heap Region Size: 1M
 Heap Min Capacity: 8M
 Heap Initial Capacity: 126M
 Heap Max Capacity: 1986M
 Pre-touch: Disabled
 Parallel Workers: 13
 Concurrent Workers: 3
 Concurrent Refinement Workers: 13
 Periodic GC: Disabled

Heap:
 garbage-first heap   total 92160K, used 44501K [0x0000000083e00000, 0x0000000100000000)
  region size 1024K, 10 young (10240K), 5 survivors (5120K)
 Metaspace       used 27851K, committed 28160K, reserved 1114112K
  class space    used 3173K, committed 3328K, reserved 1048576K

Heap Regions: E=young(eden), S=young(survivor), O=old, HS=humongous(starts), HC=humongous(continues), CS=collection set, F=free, OA=open archive, CA=closed archive, TAMS=top-at-mark-start (previous, next)
|   0|0x0000000083e00000, 0x0000000083f00000, 0x0000000083f00000|100%| O|  |TAMS 0x0000000083f00000, 0x0000000083e00000| Untracked 
|   1|0x0000000083f00000, 0x0000000084000000, 0x0000000084000000|100%| O|  |TAMS 0x0000000084000000, 0x0000000083f00000| Untracked 
|   2|0x0000000084000000, 0x0000000084100000, 0x0000000084100000|100%| O|  |TAMS 0x00000000840f8200, 0x0000000084000000| Untracked 
|   3|0x0000000084100000, 0x0000000084200000, 0x0000000084200000|100%|HS|  |TAMS 0x0000000084100000, 0x0000000084100000| Complete 
|   4|0x0000000084200000, 0x0000000084300000, 0x0000000084300000|100%| O|  |TAMS 0x0000000084200000, 0x0000000084200000| Untracked 
|   5|0x0000000084300000, 0x0000000084400000, 0x0000000084400000|100%| O|  |TAMS 0x0000000084300000, 0x0000000084300000| Untracked 
|   6|0x0000000084400000, 0x0000000084500000, 0x0000000084500000|100%| O|  |TAMS 0x0000000084400000, 0x0000000084400000| Untracked 
|   7|0x0000000084500000, 0x0000000084600000, 0x0000000084600000|100%| O|  |TAMS 0x0000000084500000, 0x0000000084500000| Untracked 
|   8|0x0000000084600000, 0x0000000084700000, 0x0000000084700000|100%| O|  |TAMS 0x0000000084600000, 0x0000000084600000| Untracked 
|   9|0x0000000084700000, 0x0000000084800000, 0x0000000084800000|100%| O|  |TAMS 0x0000000084700000, 0x0000000084700000| Untracked 
|  10|0x0000000084800000, 0x0000000084900000, 0x0000000084900000|100%| O|  |TAMS 0x0000000084800000, 0x0000000084800000| Untracked 
|  11|0x0000000084900000, 0x0000000084a00000, 0x0000000084a00000|100%| O|  |TAMS 0x0000000084900000, 0x0000000084900000| Untracked 
|  12|0x0000000084a00000, 0x0000000084b00000, 0x0000000084b00000|100%| O|  |TAMS 0x0000000084a00000, 0x0000000084a00000| Untracked 
|  13|0x0000000084b00000, 0x0000000084b00000, 0x0000000084c00000|  0%| F|  |TAMS 0x0000000084b00000, 0x0000000084b00000| Untracked 
|  14|0x0000000084c00000, 0x0000000084c00000, 0x0000000084d00000|  0%| F|  |TAMS 0x0000000084c00000, 0x0000000084c00000| Untracked 
|  15|0x0000000084d00000, 0x0000000084d00000, 0x0000000084e00000|  0%| F|  |TAMS 0x0000000084d00000, 0x0000000084d00000| Untracked 
|  16|0x0000000084e00000, 0x0000000084e00000, 0x0000000084f00000|  0%| F|  |TAMS 0x0000000084e00000, 0x0000000084e00000| Untracked 
|  17|0x0000000084f00000, 0x0000000084f00000, 0x0000000085000000|  0%| F|  |TAMS 0x0000000084f00000, 0x0000000084f00000| Untracked 
|  18|0x0000000085000000, 0x0000000085000000, 0x0000000085100000|  0%| F|  |TAMS 0x0000000085000000, 0x0000000085000000| Untracked 
|  19|0x0000000085100000, 0x0000000085100000, 0x0000000085200000|  0%| F|  |TAMS 0x0000000085100000, 0x0000000085100000| Untracked 
|  20|0x0000000085200000, 0x0000000085300000, 0x0000000085300000|100%| O|  |TAMS 0x0000000085200000, 0x0000000085200000| Untracked 
|  21|0x0000000085300000, 0x0000000085400000, 0x0000000085400000|100%| O|  |TAMS 0x0000000085300000, 0x0000000085300000| Untracked 
|  22|0x0000000085400000, 0x0000000085500000, 0x0000000085500000|100%| O|  |TAMS 0x0000000085400000, 0x0000000085400000| Untracked 
|  23|0x0000000085500000, 0x0000000085600000, 0x0000000085600000|100%| O|  |TAMS 0x0000000085500000, 0x0000000085500000| Untracked 
|  24|0x0000000085600000, 0x0000000085700000, 0x0000000085700000|100%| O|  |TAMS 0x0000000085600000, 0x0000000085600000| Untracked 
|  25|0x0000000085700000, 0x0000000085800000, 0x0000000085800000|100%| O|  |TAMS 0x0000000085700000, 0x0000000085700000| Untracked 
|  26|0x0000000085800000, 0x0000000085900000, 0x0000000085900000|100%| O|  |TAMS 0x0000000085800000, 0x0000000085800000| Untracked 
|  27|0x0000000085900000, 0x0000000085900000, 0x0000000085a00000|  0%| F|  |TAMS 0x0000000085900000, 0x0000000085900000| Untracked 
|  28|0x0000000085a00000, 0x0000000085a00000, 0x0000000085b00000|  0%| F|  |TAMS 0x0000000085a00000, 0x0000000085a00000| Untracked 
|  29|0x0000000085b00000, 0x0000000085b00000, 0x0000000085c00000|  0%| F|  |TAMS 0x0000000085b00000, 0x0000000085b00000| Untracked 
|  30|0x0000000085c00000, 0x0000000085c00000, 0x0000000085d00000|  0%| F|  |TAMS 0x0000000085c00000, 0x0000000085c00000| Untracked 
|  31|0x0000000085d00000, 0x0000000085d00000, 0x0000000085e00000|  0%| F|  |TAMS 0x0000000085d00000, 0x0000000085d00000| Untracked 
|  32|0x0000000085e00000, 0x0000000085e00000, 0x0000000085f00000|  0%| F|  |TAMS 0x0000000085e00000, 0x0000000085e00000| Untracked 
|  33|0x0000000085f00000, 0x0000000085f00000, 0x0000000086000000|  0%| F|  |TAMS 0x0000000085f00000, 0x0000000085f00000| Untracked 
|  34|0x0000000086000000, 0x0000000086000000, 0x0000000086100000|  0%| F|  |TAMS 0x0000000086000000, 0x0000000086000000| Untracked 
|  35|0x0000000086100000, 0x0000000086100000, 0x0000000086200000|  0%| F|  |TAMS 0x0000000086100000, 0x0000000086100000| Untracked 
|  36|0x0000000086200000, 0x0000000086200000, 0x0000000086300000|  0%| F|  |TAMS 0x0000000086200000, 0x0000000086200000| Untracked 
|  37|0x0000000086300000, 0x0000000086300000, 0x0000000086400000|  0%| F|  |TAMS 0x0000000086300000, 0x0000000086300000| Untracked 
|  38|0x0000000086400000, 0x0000000086500000, 0x0000000086500000|100%|HS|  |TAMS 0x0000000086500000, 0x0000000086400000| Complete 
|  39|0x0000000086500000, 0x0000000086600000, 0x0000000086600000|100%|HC|  |TAMS 0x0000000086600000, 0x0000000086500000| Complete 
|  40|0x0000000086600000, 0x0000000086700000, 0x0000000086700000|100%| O|  |TAMS 0x0000000086600000, 0x0000000086600000| Untracked 
|  41|0x0000000086700000, 0x0000000086700000, 0x0000000086800000|  0%| F|  |TAMS 0x0000000086700000, 0x0000000086700000| Untracked 
|  42|0x0000000086800000, 0x0000000086800000, 0x0000000086900000|  0%| F|  |TAMS 0x0000000086800000, 0x0000000086800000| Untracked 
|  43|0x0000000086900000, 0x0000000086a00000, 0x0000000086a00000|100%| S|CS|TAMS 0x0000000086900000, 0x0000000086900000| Complete 
|  44|0x0000000086a00000, 0x0000000086b00000, 0x0000000086b00000|100%| S|CS|TAMS 0x0000000086a00000, 0x0000000086a00000| Complete 
|  45|0x0000000086b00000, 0x0000000086c00000, 0x0000000086c00000|100%| S|CS|TAMS 0x0000000086b00000, 0x0000000086b00000| Complete 
|  46|0x0000000086c00000, 0x0000000086d00000, 0x0000000086d00000|100%| S|CS|TAMS 0x0000000086c00000, 0x0000000086c00000| Complete 
|  47|0x0000000086d00000, 0x0000000086e00000, 0x0000000086e00000|100%| S|CS|TAMS 0x0000000086d00000, 0x0000000086d00000| Complete 
|  48|0x0000000086e00000, 0x0000000086e00000, 0x0000000086f00000|  0%| F|  |TAMS 0x0000000086e00000, 0x0000000086e00000| Untracked 
|  49|0x0000000086f00000, 0x0000000086f00000, 0x0000000087000000|  0%| F|  |TAMS 0x0000000086f00000, 0x0000000086f00000| Untracked 
|  50|0x0000000087000000, 0x0000000087000000, 0x0000000087100000|  0%| F|  |TAMS 0x0000000087000000, 0x0000000087000000| Untracked 
|  51|0x0000000087100000, 0x0000000087200000, 0x0000000087200000|100%| O|  |TAMS 0x0000000087100000, 0x0000000087100000| Untracked 
|  52|0x0000000087200000, 0x0000000087300000, 0x0000000087300000|100%| O|  |TAMS 0x0000000087200000, 0x0000000087200000| Untracked 
|  53|0x0000000087300000, 0x0000000087400000, 0x0000000087400000|100%| O|  |TAMS 0x0000000087300000, 0x0000000087300000| Untracked 
|  54|0x0000000087400000, 0x0000000087500000, 0x0000000087500000|100%| O|  |TAMS 0x0000000087400000, 0x0000000087400000| Untracked 
|  55|0x0000000087500000, 0x0000000087600000, 0x0000000087600000|100%| O|  |TAMS 0x0000000087500000, 0x0000000087500000| Untracked 
|  56|0x0000000087600000, 0x0000000087700000, 0x0000000087700000|100%| O|  |TAMS 0x0000000087600000, 0x0000000087600000| Untracked 
|  57|0x0000000087700000, 0x0000000087800000, 0x0000000087800000|100%| O|  |TAMS 0x0000000087700000, 0x0000000087700000| Untracked 
|  58|0x0000000087800000, 0x0000000087888400, 0x0000000087900000| 53%| O|  |TAMS 0x0000000087800000, 0x0000000087800000| Untracked 
|  59|0x0000000087900000, 0x0000000087900000, 0x0000000087a00000|  0%| F|  |TAMS 0x0000000087900000, 0x0000000087900000| Untracked 
|  60|0x0000000087a00000, 0x0000000087a00000, 0x0000000087b00000|  0%| F|  |TAMS 0x0000000087a00000, 0x0000000087a00000| Untracked 
|  61|0x0000000087b00000, 0x0000000087b00000, 0x0000000087c00000|  0%| F|  |TAMS 0x0000000087b00000, 0x0000000087b00000| Untracked 
|  62|0x0000000087c00000, 0x0000000087c00000, 0x0000000087d00000|  0%| F|  |TAMS 0x0000000087c00000, 0x0000000087c00000| Untracked 
|  63|0x0000000087d00000, 0x0000000087d00000, 0x0000000087e00000|  0%| F|  |TAMS 0x0000000087d00000, 0x0000000087d00000| Untracked 
|  64|0x0000000087e00000, 0x0000000087e00000, 0x0000000087f00000|  0%| F|  |TAMS 0x0000000087e00000, 0x0000000087e00000| Untracked 
|  65|0x0000000087f00000, 0x0000000087f00000, 0x0000000088000000|  0%| F|  |TAMS 0x0000000087f00000, 0x0000000087f00000| Untracked 
|  66|0x0000000088000000, 0x0000000088000000, 0x0000000088100000|  0%| F|  |TAMS 0x0000000088000000, 0x0000000088000000| Untracked 
|  67|0x0000000088100000, 0x0000000088100000, 0x0000000088200000|  0%| F|  |TAMS 0x0000000088100000, 0x0000000088100000| Untracked 
|  68|0x0000000088200000, 0x0000000088200000, 0x0000000088300000|  0%| F|  |TAMS 0x0000000088200000, 0x0000000088200000| Untracked 
|  69|0x0000000088300000, 0x0000000088300000, 0x0000000088400000|  0%| F|  |TAMS 0x0000000088300000, 0x0000000088300000| Untracked 
|  70|0x0000000088400000, 0x0000000088400000, 0x0000000088500000|  0%| F|  |TAMS 0x0000000088400000, 0x0000000088400000| Untracked 
|  71|0x0000000088500000, 0x0000000088500000, 0x0000000088600000|  0%| F|  |TAMS 0x0000000088500000, 0x0000000088500000| Untracked 
|  72|0x0000000088600000, 0x0000000088600000, 0x0000000088700000|  0%| F|  |TAMS 0x0000000088600000, 0x0000000088600000| Untracked 
|  73|0x0000000088700000, 0x0000000088700000, 0x0000000088800000|  0%| F|  |TAMS 0x0000000088700000, 0x0000000088700000| Untracked 
|  74|0x0000000088800000, 0x0000000088800000, 0x0000000088900000|  0%| F|  |TAMS 0x0000000088800000, 0x0000000088800000| Untracked 
|  75|0x0000000088900000, 0x0000000088900000, 0x0000000088a00000|  0%| F|  |TAMS 0x0000000088900000, 0x0000000088900000| Untracked 
|  76|0x0000000088a00000, 0x0000000088a00000, 0x0000000088b00000|  0%| F|  |TAMS 0x0000000088a00000, 0x0000000088a00000| Untracked 
|  77|0x0000000088b00000, 0x0000000088b00000, 0x0000000088c00000|  0%| F|  |TAMS 0x0000000088b00000, 0x0000000088b00000| Untracked 
|  78|0x0000000088c00000, 0x0000000088c00000, 0x0000000088d00000|  0%| F|  |TAMS 0x0000000088c00000, 0x0000000088c00000| Untracked 
|  79|0x0000000088d00000, 0x0000000088d00000, 0x0000000088e00000|  0%| F|  |TAMS 0x0000000088d00000, 0x0000000088d00000| Untracked 
|  80|0x0000000088e00000, 0x0000000088e90010, 0x0000000088f00000| 56%| E|  |TAMS 0x0000000088e00000, 0x0000000088e00000| Complete 
|  81|0x0000000088f00000, 0x0000000089000000, 0x0000000089000000|100%| E|CS|TAMS 0x0000000088f00000, 0x0000000088f00000| Complete 
|  82|0x0000000089000000, 0x0000000089100000, 0x0000000089100000|100%| E|CS|TAMS 0x0000000089000000, 0x0000000089000000| Complete 
|  83|0x0000000089100000, 0x0000000089200000, 0x0000000089200000|100%| E|CS|TAMS 0x0000000089100000, 0x0000000089100000| Complete 
| 125|0x000000008bb00000, 0x000000008bc00000, 0x000000008bc00000|100%| E|CS|TAMS 0x000000008bb00000, 0x000000008bb00000| Complete 
|1981|0x00000000ffb00000, 0x00000000ffc00000, 0x00000000ffc00000|100%| O|  |TAMS 0x00000000ffb00000, 0x00000000ffb00000| Untracked 
|1982|0x00000000ffc00000, 0x00000000ffc75000, 0x00000000ffd00000| 45%|OA|  |TAMS 0x00000000ffc75000, 0x00000000ffc00000| Untracked 
|1983|0x00000000ffd00000, 0x00000000ffe00000, 0x00000000ffe00000|100%| O|  |TAMS 0x00000000ffd00000, 0x00000000ffd00000| Untracked 
|1984|0x00000000ffe00000, 0x00000000ffe78000, 0x00000000fff00000| 46%|CA|  |TAMS 0x00000000ffe78000, 0x00000000ffe00000| Untracked 
|1985|0x00000000fff00000, 0x0000000100000000, 0x0000000100000000|100%| O|  |TAMS 0x00000000fff00000, 0x00000000fff00000| Untracked 

Card table byte_map: [0x00007fd14e800000,0x00007fd14ebe1000] _byte_map_base: 0x00007fd14e3e1000

Marking Bits (Prev, Next): (CMBitMap*) 0x00007fd148086480, (CMBitMap*) 0x00007fd148086440
 Prev Bits: [0x00007fd12f200000, 0x00007fd131108000)
 Next Bits: [0x00007fd14c400000, 0x00007fd14e308000)

Polling page: 0x00007fd151872000

Metaspace:

Usage:
  Non-class:     24.10 MB used.
      Class:      3.10 MB used.
       Both:     27.20 MB used.

Virtual space:
  Non-class space:       64.00 MB reserved,      24.25 MB ( 38%) committed,  1 nodes.
      Class space:        1.00 GB reserved,       3.25 MB ( <1%) committed,  1 nodes.
             Both:        1.06 GB reserved,      27.50 MB (  3%) committed. 

Chunk freelists:
   Non-Class:  7.00 MB
       Class:  12.71 MB
        Both:  19.71 MB

MaxMetaspaceSize: unlimited
CompressedClassSpaceSize: 1.00 GB
Initial GC threshold: 21.00 MB
Current GC threshold: 35.44 MB
CDS: on
MetaspaceReclaimPolicy: balanced
 - commit_granule_bytes: 65536.
 - commit_granule_words: 8192.
 - virtual_space_node_default_size: 8388608.
 - enlarge_chunks_in_place: 1.
 - new_chunks_are_fully_committed: 0.
 - uncommit_free_chunks: 1.
 - use_allocation_guard: 0.
 - handle_deallocations: 1.


Internal statistics:

num_allocs_failed_limit: 3.
num_arena_births: 174.
num_arena_deaths: 0.
num_vsnodes_births: 2.
num_vsnodes_deaths: 0.
num_space_committed: 440.
num_space_uncommitted: 0.
num_chunks_returned_to_freelist: 3.
num_chunks_taken_from_freelist: 1200.
num_chunk_merges: 3.
num_chunk_splits: 834.
num_chunks_enlarged: 653.
num_inconsistent_stats: 0.

CodeHeap 'non-profiled nmethods': size=119168Kb used=3545Kb max_used=3545Kb free=115622Kb
 bounds [0x00007fd138da0000, 0x00007fd139120000, 0x00007fd140200000]
CodeHeap 'profiled nmethods': size=119164Kb used=12758Kb max_used=12758Kb free=106405Kb
 bounds [0x00007fd131200000, 0x00007fd131e80000, 0x00007fd13865f000]
CodeHeap 'non-nmethods': size=7428Kb used=2883Kb max_used=2967Kb free=4544Kb
 bounds [0x00007fd13865f000, 0x00007fd13895f000, 0x00007fd138da0000]
 total_blobs=6543 nmethods=6047 adapters=406
 compilation: enabled
              stopped_count=0, restarted_count=0
 full_count=0

Compilation events (20 events):
Event: 3.923 Thread 0x00007fd148160f20 6316       3       com.sun.tools.javac.code.Type$ClassType::getTypeArguments (30 bytes)
Event: 3.923 Thread 0x00007fd08c1ef580 nmethod 6315 0x00007fd1314db290 code [0x00007fd1314db440, 0x00007fd1314db5a0]
Event: 3.923 Thread 0x00007fd148160f20 nmethod 6316 0x00007fd1313d8a90 code [0x00007fd1313d8c60, 0x00007fd1313d9060]
Event: 3.923 Thread 0x00007fd08c1ee420 nmethod 6314 0x00007fd1313d7190 code [0x00007fd1313d7440, 0x00007fd1313d84e0]
Event: 3.924 Thread 0x00007fd148160f20 6318       3       com.sun.tools.javac.jvm.ClassReader::readTypeToProxy (33 bytes)
Event: 3.925 Thread 0x00007fd148160f20 nmethod 6318 0x00007fd131588990 code [0x00007fd131588c40, 0x00007fd131589ac0]
Event: 3.925 Thread 0x00007fd08c1ee420 6319       3       com.sun.tools.javac.comp.Attr::visitIdent (582 bytes)
Event: 3.926 Thread 0x00007fd08c1ef580 6320       3       com.sun.tools.javac.code.Types$15::visitClassType (130 bytes)
Event: 3.927 Thread 0x00007fd148160f20 6322       3       com.sun.tools.javac.comp.Resolve::findInheritedMemberType (186 bytes)
Event: 3.927 Thread 0x00007fd0a009d770 6321       3       com.sun.tools.javac.comp.Resolve::findImmediateMemberType (86 bytes)
Event: 3.929 Thread 0x00007fd0a009d770 nmethod 6321 0x00007fd131587a10 code [0x00007fd131587c60, 0x00007fd131588640]
Event: 3.929 Thread 0x00007fd08c1ef580 nmethod 6320 0x00007fd131cbc710 code [0x00007fd131cbc9e0, 0x00007fd131cbdd20]
Event: 3.930 Thread 0x00007fd148160f20 nmethod 6322 0x00007fd131792190 code [0x00007fd131792480, 0x00007fd1317938d0]
Event: 3.930 Thread 0x00007fd08c1ef580 6323       3       com.sun.tools.javac.code.DeferredLintHandler::setPos (12 bytes)
Event: 3.930 Thread 0x00007fd08c1ee420 nmethod 6319 0x00007fd1312b5f10 code [0x00007fd1312b6380, 0x00007fd1312b8c00]
Event: 3.931 Thread 0x00007fd148160f20 6324       3       com.sun.tools.javac.comp.Annotate::normal (10 bytes)
Event: 3.931 Thread 0x00007fd08c1ef580 nmethod 6323 0x00007fd1312b5b90 code [0x00007fd1312b5d20, 0x00007fd1312b5e70]
Event: 3.931 Thread 0x00007fd08c1ef580 6325       1       com.sun.tools.javac.util.Iterators$1::hasNext (2 bytes)
Event: 3.931 Thread 0x00007fd08c1ef580 nmethod 6325 0x00007fd139017010 code [0x00007fd1390171a0, 0x00007fd139017270]
Event: 3.931 Thread 0x00007fd148160f20 nmethod 6324 0x00007fd131587390 code [0x00007fd131587540, 0x00007fd131587680]

GC Heap History (10 events):
Event: 0.466 GC heap before
{Heap before GC invocations=0 (full 0):
 garbage-first heap   total 131072K, used 23476K [0x0000000083e00000, 0x0000000100000000)
  region size 1024K, 23 young (23552K), 0 survivors (0K)
 Metaspace       used 5470K, committed 5632K, reserved 1114112K
  class space    used 660K, committed 768K, reserved 1048576K
}
Event: 0.470 GC heap after
{Heap after GC invocations=1 (full 0):
 garbage-first heap   total 131072K, used 4132K [0x0000000083e00000, 0x0000000100000000)
  region size 1024K, 3 young (3072K), 3 survivors (3072K)
 Metaspace       used 5470K, committed 5632K, reserved 1114112K
  class space    used 660K, committed 768K, reserved 1048576K
}
Event: 1.332 GC heap before
{Heap before GC invocations=1 (full 0):
 garbage-first heap   total 131072K, used 45092K [0x0000000083e00000, 0x0000000100000000)
  region size 1024K, 43 young (44032K), 3 survivors (3072K)
 Metaspace       used 11869K, committed 12032K, reserved 1114112K
  class space    used 1467K, committed 1536K, reserved 1048576K
}
Event: 1.339 GC heap after
{Heap after GC invocations=2 (full 0):
 garbage-first heap   total 131072K, used 6709K [0x0000000083e00000, 0x0000000100000000)
  region size 1024K, 6 young (6144K), 6 survivors (6144K)
 Metaspace       used 11869K, committed 12032K, reserved 1114112K
  class space    used 1467K, committed 1536K, reserved 1048576K
}
Event: 2.377 GC heap before
{Heap before GC invocations=2 (full 0):
 garbage-first heap   total 131072K, used 77365K [0x0000000083e00000, 0x0000000100000000)
  region size 1024K, 75 young (76800K), 6 survivors (6144K)
 Metaspace       used 15886K, committed 16128K, reserved 1114112K
  class space    used 1878K, committed 1984K, reserved 1048576K
}
Event: 2.395 GC heap after
{Heap after GC invocations=3 (full 0):
 garbage-first heap   total 131072K, used 13808K [0x0000000083e00000, 0x0000000100000000)
  region size 1024K, 10 young (10240K), 10 survivors (10240K)
 Metaspace       used 15886K, committed 16128K, reserved 1114112K
  class space    used 1878K, committed 1984K, reserved 1048576K
}
Event: 3.123 GC heap before
{Heap before GC invocations=3 (full 0):
 garbage-first heap   total 131072K, used 108016K [0x0000000083e00000, 0x0000000100000000)
  region size 1024K, 67 young (68608K), 10 survivors (10240K)
 Metaspace       used 21177K, committed 21504K, reserved 1114112K
  class space    used 2486K, committed 2624K, reserved 1048576K
}
Event: 3.134 GC heap after
{Heap after GC invocations=4 (full 0):
 garbage-first heap   total 131072K, used 23509K [0x0000000083e00000, 0x0000000100000000)
  region size 1024K, 7 young (7168K), 7 survivors (7168K)
 Metaspace       used 21177K, committed 21504K, reserved 1114112K
  class space    used 2486K, committed 2624K, reserved 1048576K
}
Event: 3.788 GC heap before
{Heap before GC invocations=5 (full 0):
 garbage-first heap   total 89088K, used 70613K [0x0000000083e00000, 0x0000000100000000)
  region size 1024K, 52 young (53248K), 7 survivors (7168K)
 Metaspace       used 26526K, committed 26816K, reserved 1114112K
  class space    used 3061K, committed 3200K, reserved 1048576K
}
Event: 3.804 GC heap after
{Heap after GC invocations=6 (full 0):
 garbage-first heap   total 92160K, used 34773K [0x0000000083e00000, 0x0000000100000000)
  region size 1024K, 7 young (7168K), 7 survivors (7168K)
 Metaspace       used 26526K, committed 26816K, reserved 1114112K
  class space    used 3061K, committed 3200K, reserved 1048576K
}

Dll operation events (8 events):
Event: 0.002 Loaded shared library /opt/java/openjdk/lib/libjava.so
Event: 0.016 Loaded shared library /opt/java/openjdk/lib/libjsvml.so
Event: 0.033 Loaded shared library /opt/java/openjdk/lib/libnio.so
Event: 0.035 Loaded shared library /opt/java/openjdk/lib/libzip.so
Event: 0.041 Loaded shared library /opt/java/openjdk/lib/libnet.so
Event: 0.118 Loaded shared library /opt/java/openjdk/lib/libjimage.so
Event: 0.126 Loaded shared library /tmp/jansi-2.4.2-bfa1fb574f624603-libjansi.so
Event: 0.132 Loaded shared library /opt/java/openjdk/lib/libverify.so

Deoptimization events (20 events):
Event: 3.805 Thread 0x00007fd148029b40 Uncommon trap: trap_request=0xfffffff4 fr.pc=0x00007fd13909f4b0 relative=0x0000000000001130
Event: 3.805 Thread 0x00007fd148029b40 Uncommon trap: reason=null_check action=make_not_entrant pc=0x00007fd13909f4b0 method=com.sun.tools.javac.util.UnsharedNameTable.fromUtf([BII)Lcom/sun/tools/javac/util/Name; @ 42 c2
Event: 3.805 Thread 0x00007fd148029b40 DEOPT PACKING pc=0x00007fd13909f4b0 sp=0x00007fd150111da0
Event: 3.805 Thread 0x00007fd148029b40 DEOPT UNPACKING pc=0x00007fd1386b5699 sp=0x00007fd150111c50 mode 2
Event: 3.805 Thread 0x00007fd148029b40 Uncommon trap: trap_request=0xfffffff4 fr.pc=0x00007fd13909c5e8 relative=0x0000000000000c88
Event: 3.805 Thread 0x00007fd148029b40 Uncommon trap: reason=null_check action=make_not_entrant pc=0x00007fd13909c5e8 method=com.sun.tools.javac.util.UnsharedNameTable.fromUtf([BII)Lcom/sun/tools/javac/util/Name; @ 42 c2
Event: 3.805 Thread 0x00007fd148029b40 DEOPT PACKING pc=0x00007fd13909c5e8 sp=0x00007fd150111c20
Event: 3.805 Thread 0x00007fd148029b40 DEOPT UNPACKING pc=0x00007fd1386b5699 sp=0x00007fd150111bc8 mode 2
Event: 3.808 Thread 0x00007fd148029b40 Uncommon trap: trap_request=0xfffffff4 fr.pc=0x00007fd1390a1518 relative=0x0000000000001038
Event: 3.808 Thread 0x00007fd148029b40 Uncommon trap: reason=null_check action=make_not_entrant pc=0x00007fd1390a1518 method=com.sun.tools.javac.util.UnsharedNameTable.fromUtf([BII)Lcom/sun/tools/javac/util/Name; @ 42 c2
Event: 3.808 Thread 0x00007fd148029b40 DEOPT PACKING pc=0x00007fd1390a1518 sp=0x00007fd150111d00
Event: 3.808 Thread 0x00007fd148029b40 DEOPT UNPACKING pc=0x00007fd1386b5699 sp=0x00007fd150111c40 mode 2
Event: 3.808 Thread 0x00007fd148029b40 Uncommon trap: trap_request=0xffffff45 fr.pc=0x00007fd138e71e30 relative=0x0000000000000870
Event: 3.808 Thread 0x00007fd148029b40 Uncommon trap: reason=unstable_if action=reinterpret pc=0x00007fd138e71e30 method=jdk.internal.jimage.ImageStringsReader.stringFromByteBuffer(Ljava/nio/ByteBuffer;I)Ljava/lang/String; @ 7 c2
Event: 3.808 Thread 0x00007fd148029b40 DEOPT PACKING pc=0x00007fd138e71e30 sp=0x00007fd150111090
Event: 3.808 Thread 0x00007fd148029b40 DEOPT UNPACKING pc=0x00007fd1386b5699 sp=0x00007fd150111068 mode 2
Event: 3.883 Thread 0x00007fd148029b40 Uncommon trap: trap_request=0xffffff45 fr.pc=0x00007fd138e28e40 relative=0x00000000000001a0
Event: 3.883 Thread 0x00007fd148029b40 Uncommon trap: reason=unstable_if action=reinterpret pc=0x00007fd138e28e40 method=com.sun.tools.javac.code.Scope$ScopeImpl.getIndex(Lcom/sun/tools/javac/util/Name;)I @ 65 c2
Event: 3.883 Thread 0x00007fd148029b40 DEOPT PACKING pc=0x00007fd138e28e40 sp=0x00007fd150110f70
Event: 3.883 Thread 0x00007fd148029b40 DEOPT UNPACKING pc=0x00007fd1386b5699 sp=0x00007fd150110f08 mode 2

Classes loaded (20 events):
Event: 3.572 Loading class java/util/stream/AbstractSpinedBuffer
Event: 3.572 Loading class java/util/stream/AbstractSpinedBuffer done
Event: 3.572 Loading class java/util/stream/SpinedBuffer done
Event: 3.572 Loading class java/util/stream/Nodes$SpinedNodeBuilder done
Event: 3.617 Loading class jdk/internal/jrtfs/JrtDirectoryStream
Event: 3.617 Loading class jdk/internal/jrtfs/JrtDirectoryStream done
Event: 3.618 Loading class java/util/stream/StreamSpliterators$WrappingSpliterator
Event: 3.618 Loading class java/util/stream/StreamSpliterators$AbstractWrappingSpliterator
Event: 3.618 Loading class java/util/stream/StreamSpliterators$AbstractWrappingSpliterator done
Event: 3.618 Loading class java/util/stream/StreamSpliterators$WrappingSpliterator done
Event: 3.618 Loading class jdk/internal/jrtfs/JrtDirectoryStream$1
Event: 3.618 Loading class jdk/internal/jrtfs/JrtDirectoryStream$1 done
Event: 3.618 Loading class java/util/stream/StreamSpliterators
Event: 3.618 Loading class java/util/stream/StreamSpliterators done
Event: 3.618 Loading class java/util/function/BooleanSupplier
Event: 3.618 Loading class java/util/function/BooleanSupplier done
Event: 3.654 Loading class java/nio/file/FileTreeWalker$1
Event: 3.654 Loading class java/nio/file/FileTreeWalker$1 done
Event: 3.699 Loading class jdk/internal/jimage/ImageReader$LinkNode
Event: 3.699 Loading class jdk/internal/jimage/ImageReader$LinkNode done

Classes unloaded (0 events):
No events

Classes redefined (0 events):
No events

Internal exceptions (20 events):
Event: 2.558 Thread 0x00007fd148029b40 Exception <a 'java/lang/NoSuchMethodError'{0x000000008ab13508}: 'java.lang.Object java.lang.invoke.DirectMethodHandle$Holder.newInvokeSpecial(java.lang.Object, java.lang.Object, java.lang.Object, java.lang.Object, java.lang.Object, java.lang.Object, java.lang.Object)'> (0x000000008ab13508) 
thrown [src/hotspot/share/interpreter/linkResolver.cpp, line 758]
Event: 2.558 Thread 0x00007fd148029b40 Exception <a 'java/lang/NoSuchMethodError'{0x000000008ab17e18}: 'java.lang.Object java.lang.invoke.Invokers$Holder.linkToTargetMethod(java.lang.Object, java.lang.Object, java.lang.Object, java.lang.Object, java.lang.Object, java.lang.Object, java.lang.Object)'> (0x000000008ab17e18) 
thrown [src/hotspot/share/interpreter/linkResolver.cpp, line 758]
Event: 2.651 Thread 0x00007fd148029b40 Implicit null exception at 0x00007fd138fc7727 to 0x00007fd138fc7f84
Event: 2.657 Thread 0x00007fd148029b40 Exception <a 'java/lang/NoSuchMethodError'{0x000000008a2deb08}: 'int java.lang.invoke.DirectMethodHandle$Holder.invokeVirtual(java.lang.Object, java.lang.Object)'> (0x000000008a2deb08) 
thrown [src/hotspot/share/interpreter/linkResolver.cpp, line 758]
Event: 2.682 Thread 0x00007fd148029b40 Exception <a 'java/lang/NoSuchMethodError'{0x000000008a0c4d50}: 'int java.lang.invoke.DirectMethodHandle$Holder.invokeStatic(java.lang.Object, java.lang.Object, int)'> (0x000000008a0c4d50) 
thrown [src/hotspot/share/interpreter/linkResolver.cpp, line 758]
Event: 2.897 Thread 0x00007fd148029b40 Exception <a 'java/lang/IncompatibleClassChangeError'{0x00000000892a7228}: Found class java.lang.Object, but interface was expected> (0x00000000892a7228) 
thrown [src/hotspot/share/interpreter/linkResolver.cpp, line 826]
Event: 2.901 Thread 0x00007fd148029b40 Exception <a 'java/lang/NoSuchMethodError'{0x00000000892b0eb8}: 'void java.lang.invoke.DirectMethodHandle$Holder.invokeInterface(java.lang.Object, java.lang.Object, java.lang.Object)'> (0x00000000892b0eb8) 
thrown [src/hotspot/share/interpreter/linkResolver.cpp, line 758]
Event: 2.972 Thread 0x00007fd148029b40 Exception <a 'java/lang/NoSuchMethodError'{0x00000000891f8dc0}: 'int java.lang.invoke.DirectMethodHandle$Holder.invokeInterface(java.lang.Object, java.lang.Object)'> (0x00000000891f8dc0) 
thrown [src/hotspot/share/interpreter/linkResolver.cpp, line 758]
Event: 3.010 Thread 0x00007fd148029b40 Exception <a 'java/lang/NoSuchMethodError'{0x0000000088b2cd80}: 'int java.lang.invoke.DirectMethodHandle$Holder.invokeVirtual(java.lang.Object, java.lang.Object, java.lang.Object)'> (0x0000000088b2cd80) 
thrown [src/hotspot/share/interpreter/linkResolver.cpp, line 758]
Event: 3.013 Thread 0x00007fd148029b40 Exception <a 'java/lang/NoSuchMethodError'{0x0000000088b3b3f0}: 'int java.lang.invoke.DirectMethodHandle$Holder.invokeStaticInit(java.lang.Object, java.lang.Object, java.lang.Object)'> (0x0000000088b3b3f0) 
thrown [src/hotspot/share/interpreter/linkResolver.cpp, line 758]
Event: 3.060 Thread 0x00007fd148029b40 Implicit null exception at 0x00007fd13906032c to 0x00007fd139060462
Event: 3.213 Thread 0x00007fd148029b40 Exception <a 'java/lang/NoSuchMethodError'{0x000000008914a7f8}: 'java.lang.Object java.lang.invoke.DirectMethodHandle$Holder.newInvokeSpecial(java.lang.Object, java.lang.Object, java.lang.Object, java.lang.Object, java.lang.Object, java.lang.Object)'> (0x000000008914a7f8) 
thrown [src/hotspot/share/interpreter/linkResolver.cpp, line 758]
Event: 3.376 Thread 0x00007fd148029b40 Exception <a 'java/lang/NoSuchMethodError'{0x0000000088c20278}: 'java.lang.Object java.lang.invoke.DirectMethodHandle$Holder.invokeVirtual(java.lang.Object, java.lang.Object, java.lang.Object, int, int)'> (0x0000000088c20278) 
thrown [src/hotspot/share/interpreter/linkResolver.cpp, line 758]
Event: 3.376 Thread 0x00007fd148029b40 Exception <a 'java/lang/NoSuchMethodError'{0x0000000088c27088}: 'java.lang.Object java.lang.invoke.DirectMethodHandle$Holder.invokeVirtual(java.lang.Object, java.lang.Object, int)'> (0x0000000088c27088) 
thrown [src/hotspot/share/interpreter/linkResolver.cpp, line 758]
Event: 3.378 Thread 0x00007fd148029b40 Exception <a 'java/lang/NoSuchMethodError'{0x0000000088c399f8}: 'java.lang.Object java.lang.invoke.DirectMethodHandle$Holder.invokeSpecial(java.lang.Object, java.lang.Object, java.lang.Object, int, int)'> (0x0000000088c399f8) 
thrown [src/hotspot/share/interpreter/linkResolver.cpp, line 758]
Event: 3.578 Thread 0x00007fd148029b40 Exception <a 'java/lang/NoSuchMethodError'{0x0000000085c453c0}: 'int java.lang.invoke.DirectMethodHandle$Holder.invokeSpecial(java.lang.Object, java.lang.Object, java.lang.Object, java.lang.Object, java.lang.Object)'> (0x0000000085c453c0) 
thrown [src/hotspot/share/interpreter/linkResolver.cpp, line 758]
Event: 3.668 Thread 0x00007fd148029b40 Exception <a 'java/lang/NoSuchMethodError'{0x0000000085810a90}: 'java.lang.Object java.lang.invoke.DirectMethodHandle$Holder.invokeStatic(java.lang.Object, java.lang.Object, int, int)'> (0x0000000085810a90) 
thrown [src/hotspot/share/interpreter/linkResolver.cpp, line 758]
Event: 3.805 Thread 0x00007fd148029b40 Implicit null exception at 0x00007fd13909e8ef to 0x00007fd13909f484
Event: 3.805 Thread 0x00007fd148029b40 Implicit null exception at 0x00007fd13909bb72 to 0x00007fd13909c5a4
Event: 3.808 Thread 0x00007fd148029b40 Implicit null exception at 0x00007fd1390a0980 to 0x00007fd1390a14ec

VM Operations (20 events):
Event: 3.151 Executing VM operation: G1PauseCleanup
Event: 3.154 Executing VM operation: G1PauseCleanup done
Event: 3.278 Executing VM operation: HandshakeAllThreads
Event: 3.278 Executing VM operation: HandshakeAllThreads done
Event: 3.361 Executing VM operation: HandshakeAllThreads
Event: 3.361 Executing VM operation: HandshakeAllThreads done
Event: 3.435 Executing VM operation: HandshakeAllThreads
Event: 3.435 Executing VM operation: HandshakeAllThreads done
Event: 3.443 Executing VM operation: HandshakeAllThreads
Event: 3.444 Executing VM operation: HandshakeAllThreads done
Event: 3.452 Executing VM operation: HandshakeAllThreads
Event: 3.452 Executing VM operation: HandshakeAllThreads done
Event: 3.573 Executing VM operation: HandshakeAllThreads
Event: 3.573 Executing VM operation: HandshakeAllThreads done
Event: 3.638 Executing VM operation: ICBufferFull
Event: 3.638 Executing VM operation: ICBufferFull done
Event: 3.699 Executing VM operation: HandshakeAllThreads
Event: 3.699 Executing VM operation: HandshakeAllThreads done
Event: 3.788 Executing VM operation: G1CollectForAllocation
Event: 3.804 Executing VM operation: G1CollectForAllocation done

Memory protections (20 events):
Event: 0.021 Protecting memory [0x00007fd1279ff000,0x00007fd127a03000] with protection modes 0
Event: 0.022 Protecting memory [0x00007fd1278fe000,0x00007fd127902000] with protection modes 0
Event: 0.022 Protecting memory [0x00007fd1277fd000,0x00007fd127801000] with protection modes 0
Event: 0.023 Protecting memory [0x00007fd1276fc000,0x00007fd127700000] with protection modes 0
Event: 0.027 Protecting memory [0x00007fd1275fb000,0x00007fd1275ff000] with protection modes 0
Event: 0.030 Protecting memory [0x00007fd1274fa000,0x00007fd1274fe000] with protection modes 0
Event: 0.032 Protecting memory [0x00007fd1272f8000,0x00007fd1272fc000] with protection modes 0
Event: 0.117 Protecting memory [0x00007fd1271f7000,0x00007fd1271fb000] with protection modes 0
Event: 0.171 Protecting memory [0x00007fd1271f7000,0x00007fd1271fb000] with protection modes 0
Event: 0.171 Protecting memory [0x00007fd1270f6000,0x00007fd1270fa000] with protection modes 0
Event: 0.224 Protecting memory [0x00007fd126ff5000,0x00007fd126ff9000] with protection modes 0
Event: 0.225 Protecting memory [0x00007fd126ef4000,0x00007fd126ef8000] with protection modes 0
Event: 0.447 Protecting memory [0x00007fd126b00000,0x00007fd126b04000] with protection modes 0
Event: 0.448 Protecting memory [0x00007fd1269ff000,0x00007fd126a03000] with protection modes 0
Event: 0.448 Protecting memory [0x00007fd1268fe000,0x00007fd126902000] with protection modes 0
Event: 0.449 Protecting memory [0x00007fd1267fd000,0x00007fd126801000] with protection modes 0
Event: 0.449 Protecting memory [0x00007fd1266fc000,0x00007fd126700000] with protection modes 0
Event: 1.503 Protecting memory [0x00007fd1262f8000,0x00007fd1262fc000] with protection modes 0
Event: 3.502 Protecting memory [0x00007fd1259ef000,0x00007fd1259f3000] with protection modes 0
Event: 3.503 Protecting memory [0x00007fd1258ee000,0x00007fd1258f2000] with protection modes 0

Nmethod flushes (20 events):
Event: 3.461 Thread 0x00007fd148162390 flushing  nmethod 0x00007fd131d13310
Event: 3.461 Thread 0x00007fd148162390 flushing  nmethod 0x00007fd131d13d90
Event: 3.461 Thread 0x00007fd148162390 flushing  nmethod 0x00007fd131d14710
Event: 3.461 Thread 0x00007fd148162390 flushing  nmethod 0x00007fd131d15290
Event: 3.461 Thread 0x00007fd148162390 flushing  nmethod 0x00007fd131d16310
Event: 3.461 Thread 0x00007fd148162390 flushing  nmethod 0x00007fd131d16990
Event: 3.461 Thread 0x00007fd148162390 flushing  nmethod 0x00007fd131d17690
Event: 3.461 Thread 0x00007fd148162390 flushing  nmethod 0x00007fd131d1b910
Event: 3.461 Thread 0x00007fd148162390 flushing  nmethod 0x00007fd131d1c990
Event: 3.461 Thread 0x00007fd148162390 flushing  nmethod 0x00007fd131d22a90
Event: 3.461 Thread 0x00007fd148162390 flushing  nmethod 0x00007fd131d23110
Event: 3.461 Thread 0x00007fd148162390 flushing  nmethod 0x00007fd131d4f310
Event: 3.461 Thread 0x00007fd148162390 flushing  nmethod 0x00007fd131d4f690
Event: 3.461 Thread 0x00007fd148162390 flushing  nmethod 0x00007fd131d4fb90
Event: 3.461 Thread 0x00007fd148162390 flushing  nmethod 0x00007fd131d50410
Event: 3.461 Thread 0x00007fd148162390 flushing  nmethod 0x00007fd131d54110
Event: 3.461 Thread 0x00007fd148162390 flushing  nmethod 0x00007fd131dcb290
Event: 3.461 Thread 0x00007fd148162390 flushing  nmethod 0x00007fd131dcbc90
Event: 3.461 Thread 0x00007fd148162390 flushing  nmethod 0x00007fd131dcce90
Event: 3.461 Thread 0x00007fd148162390 flushing  nmethod 0x00007fd131dcd610

Events (20 events):
Event: 0.027 Thread 0x00007fd14815f9f0 Thread added: 0x00007fd0a009d770
Event: 0.030 Thread 0x00007fd148029b40 Thread added: 0x00007fd148192640
Event: 0.032 Thread 0x00007fd148029b40 Thread added: 0x00007fd148195640
Event: 0.116 Thread 0x00007fd148029b40 Thread added: 0x00007fd1483b8200
Event: 0.123 Thread 0x00007fd1483b8200 Thread exited: 0x00007fd1483b8200
Event: 0.170 Thread 0x00007fd0a009d770 Thread added: 0x00007fd08c1e8dc0
Event: 0.171 Thread 0x00007fd0a009d770 Thread added: 0x00007fd08c1e9960
Event: 0.224 Thread 0x00007fd0a009d770 Thread added: 0x00007fd08c1ee420
Event: 0.225 Thread 0x00007fd0a009d770 Thread added: 0x00007fd08c1ef580
Event: 0.447 Thread 0x00007fd0a009d770 Thread added: 0x00007fd08c2ba270
Event: 0.447 Thread 0x00007fd0a009d770 Thread added: 0x00007fd08c2bb3e0
Event: 0.448 Thread 0x00007fd0a009d770 Thread added: 0x00007fd08c2bc560
Event: 0.449 Thread 0x00007fd0a009d770 Thread added: 0x00007fd08c2bd6f0
Event: 0.449 Thread 0x00007fd0a009d770 Thread added: 0x00007fd08c2be7d0
Event: 0.594 Thread 0x00007fd08c2be7d0 Thread exited: 0x00007fd08c2be7d0
Event: 1.045 Thread 0x00007fd08c2bd6f0 Thread exited: 0x00007fd08c2bd6f0
Event: 1.057 Thread 0x00007fd08c2bc560 Thread exited: 0x00007fd08c2bc560
Event: 1.503 Thread 0x00007fd148029b40 Thread added: 0x00007fd1489ff1d0
Event: 3.502 Thread 0x00007fd0a009d770 Thread added: 0x00007fd08c2bd640
Event: 3.503 Thread 0x00007fd0a009d770 Thread added: 0x00007fd08c365c80


Dynamic libraries:
83e00000-89200000 rw-p 00000000 00:00 0 
89200000-8bb00000 ---p 00000000 00:00 0 
8bb00000-8bc00000 rw-p 00000000 00:00 0 
8bc00000-ffb00000 ---p 00000000 00:00 0 
ffb00000-ffc00000 rw-p 00000000 00:00 0 
ffc00000-ffc75000 rw-p 00c7c000 00:39 3048968                            /opt/java/openjdk/lib/server/classes.jsa
ffc75000-ffe00000 rw-p 00000000 00:00 0 
ffe00000-ffe78000 rw-p 00c04000 00:39 3048968                            /opt/java/openjdk/lib/server/classes.jsa
ffe78000-100000000 rw-p 00000000 00:00 0 
561301dfc000-561301dfd000 r--p 00000000 00:39 3048469                    /opt/java/openjdk/bin/java
561301dfd000-561301dfe000 r-xp 00001000 00:39 3048469                    /opt/java/openjdk/bin/java
561301dfe000-561301dff000 r--p 00002000 00:39 3048469                    /opt/java/openjdk/bin/java
561301dff000-561301e00000 r--p 00002000 00:39 3048469                    /opt/java/openjdk/bin/java
561301e00000-561301e01000 rw-p 00003000 00:39 3048469                    /opt/java/openjdk/bin/java
561310ad8000-561310b20000 rw-p 00000000 00:00 0                          [heap]
7fcfd8000000-7fcfd8021000 rw-p 00000000 00:00 0 
7fcfd8021000-7fcfdc000000 ---p 00000000 00:00 0 
7fcfe0000000-7fcfe0021000 rw-p 00000000 00:00 0 
7fcfe0021000-7fcfe4000000 ---p 00000000 00:00 0 
7fcfe4000000-7fcfe4021000 rw-p 00000000 00:00 0 
7fcfe4021000-7fcfe8000000 ---p 00000000 00:00 0 
7fcfec000000-7fcfec021000 rw-p 00000000 00:00 0 
7fcfec021000-7fcff0000000 ---p 00000000 00:00 0 
7fcff0000000-7fcff07c8000 rw-p 00000000 00:00 0 
7fcff07c8000-7fcff4000000 ---p 00000000 00:00 0 
7fcff8000000-7fcff8941000 rw-p 00000000 00:00 0 
7fcff8941000-7fcffc000000 ---p 00000000 00:00 0 
7fcffc000000-7fcffc021000 rw-p 00000000 00:00 0 
7fcffc021000-7fd000000000 ---p 00000000 00:00 0 
7fd004000000-7fd004021000 rw-p 00000000 00:00 0 
7fd004021000-7fd008000000 ---p 00000000 00:00 0 
7fd008000000-7fd008021000 rw-p 00000000 00:00 0 
7fd008021000-7fd00c000000 ---p 00000000 00:00 0 
7fd010000000-7fd010021000 rw-p 00000000 00:00 0 
7fd010021000-7fd014000000 ---p 00000000 00:00 0 
7fd014000000-7fd014021000 rw-p 00000000 00:00 0 
7fd014021000-7fd018000000 ---p 00000000 00:00 0 
7fd01c000000-7fd01c021000 rw-p 00000000 00:00 0 
7fd01c021000-7fd020000000 ---p 00000000 00:00 0 
7fd020000000-7fd020021000 rw-p 00000000 00:00 0 
7fd020021000-7fd024000000 ---p 00000000 00:00 0 
7fd028000000-7fd028021000 rw-p 00000000 00:00 0 
7fd028021000-7fd02c000000 ---p 00000000 00:00 0 
7fd02c000000-7fd02c021000 rw-p 00000000 00:00 0 
7fd02c021000-7fd030000000 ---p 00000000 00:00 0 
7fd034000000-7fd034021000 rw-p 00000000 00:00 0 
7fd034021000-7fd038000000 ---p 00000000 00:00 0 
7fd038000000-7fd038021000 rw-p 00000000 00:00 0 
7fd038021000-7fd03c000000 ---p 00000000 00:00 0 
7fd040000000-7fd040021000 rw-p 00000000 00:00 0 
7fd040021000-7fd044000000 ---p 00000000 00:00 0 
7fd044000000-7fd044237000 rw-p 00000000 00:00 0 
7fd044237000-7fd048000000 ---p 00000000 00:00 0 
7fd04c000000-7fd04c4ef000 rw-p 00000000 00:00 0 
7fd04c4ef000-7fd050000000 ---p 00000000 00:00 0 
7fd050000000-7fd05048b000 rw-p 00000000 00:00 0 
7fd05048b000-7fd054000000 ---p 00000000 00:00 0 
7fd058000000-7fd058a00000 rw-p 00000000 00:00 0 
7fd058a00000-7fd05c000000 ---p 00000000 00:00 0 
7fd05c000000-7fd05cae5000 rw-p 00000000 00:00 0 
7fd05cae5000-7fd060000000 ---p 00000000 00:00 0 
7fd064000000-7fd064162000 rw-p 00000000 00:00 0 
7fd064162000-7fd068000000 ---p 00000000 00:00 0 
7fd068000000-7fd0681de000 rw-p 00000000 00:00 0 
7fd0681de000-7fd06c000000 ---p 00000000 00:00 0 
7fd070000000-7fd070a94000 rw-p 00000000 00:00 0 
7fd070a94000-7fd074000000 ---p 00000000 00:00 0 
7fd074000000-7fd074d29000 rw-p 00000000 00:00 0 
7fd074d29000-7fd078000000 ---p 00000000 00:00 0 
7fd07c000000-7fd07c021000 rw-p 00000000 00:00 0 
7fd07c021000-7fd080000000 ---p 00000000 00:00 0 
7fd080000000-7fd080021000 rw-p 00000000 00:00 0 
7fd080021000-7fd084000000 ---p 00000000 00:00 0 
7fd088000000-7fd088021000 rw-p 00000000 00:00 0 
7fd088021000-7fd08c000000 ---p 00000000 00:00 0 
7fd08c000000-7fd08c3c9000 rw-p 00000000 00:00 0 
7fd08c3c9000-7fd090000000 ---p 00000000 00:00 0 
7fd094000000-7fd094021000 rw-p 00000000 00:00 0 
7fd094021000-7fd098000000 ---p 00000000 00:00 0 
7fd098000000-7fd098249000 rw-p 00000000 00:00 0 
7fd098249000-7fd09c000000 ---p 00000000 00:00 0 
7fd0a0000000-7fd0a0946000 rw-p 00000000 00:00 0 
7fd0a0946000-7fd0a4000000 ---p 00000000 00:00 0 
7fd0a4000000-7fd0a4021000 rw-p 00000000 00:00 0 
7fd0a4021000-7fd0a8000000 ---p 00000000 00:00 0 
7fd0ac000000-7fd0ac021000 rw-p 00000000 00:00 0 
7fd0ac021000-7fd0b0000000 ---p 00000000 00:00 0 
7fd0b0000000-7fd0b0021000 rw-p 00000000 00:00 0 
7fd0b0021000-7fd0b4000000 ---p 00000000 00:00 0 
7fd0b8000000-7fd0b8021000 rw-p 00000000 00:00 0 
7fd0b8021000-7fd0bc000000 ---p 00000000 00:00 0 
7fd0bc000000-7fd0bc021000 rw-p 00000000 00:00 0 
7fd0bc021000-7fd0c0000000 ---p 00000000 00:00 0 
7fd0c4000000-7fd0c4021000 rw-p 00000000 00:00 0 
7fd0c4021000-7fd0c8000000 ---p 00000000 00:00 0 
7fd0cb000000-7fd0cb3f0000 rw-p 00000000 00:00 0 
7fd0cb3f0000-7fd0cc170000 rw-p 00000000 00:00 0 
7fd0cc170000-7fd0cc1f0000 rw-p 00000000 00:00 0 
7fd0cc1f0000-7fd0cc6f0000 rw-p 00000000 00:00 0 
7fd0cc6f0000-7fd0cc740000 rw-p 00000000 00:00 0 
7fd0cc740000-7fd0cc800000 ---p 00000000 00:00 0 
7fd0cc800000-7fd0cc900000 rw-p 00000000 00:00 0 
7fd0cc900000-7fd0cf000000 ---p 00000000 00:00 0 
7fd0cf000000-7fd0cf456000 rw-p 00001000 00:39 3048968                    /opt/java/openjdk/lib/server/classes.jsa
7fd0cf456000-7fd0cfbcc000 rw-p 00457000 00:39 3048968                    /opt/java/openjdk/lib/server/classes.jsa
7fd0cfbcc000-7fd0d0000000 ---p 00000000 00:00 0 
7fd0d0000000-7fd0d0030000 rw-p 00000000 00:00 0 
7fd0d0030000-7fd0d0070000 rw-p 00000000 00:00 0 
7fd0d0070000-7fd0d01b0000 rw-p 00000000 00:00 0 
7fd0d01b0000-7fd0d01f0000 rw-p 00000000 00:00 0 
7fd0d01f0000-7fd0d0200000 ---p 00000000 00:00 0 
7fd0d0200000-7fd0d0350000 rw-p 00000000 00:00 0 
7fd0d0350000-7fd110000000 ---p 00000000 00:00 0 
7fd110000000-7fd110021000 rw-p 00000000 00:00 0 
7fd110021000-7fd114000000 ---p 00000000 00:00 0 
7fd114000000-7fd114021000 rw-p 00000000 00:00 0 
7fd114021000-7fd118000000 ---p 00000000 00:00 0 
7fd11c000000-7fd11c021000 rw-p 00000000 00:00 0 
7fd11c021000-7fd120000000 ---p 00000000 00:00 0 
7fd120000000-7fd120021000 rw-p 00000000 00:00 0 
7fd120021000-7fd124000000 ---p 00000000 00:00 0 
7fd125200000-7fd125492000 rw-p 00000000 00:00 0 
7fd1254e9000-7fd1254ea000 ---p 00000000 00:00 0 
7fd1254ea000-7fd1255ea000 rw-p 00000000 00:00 0 
7fd1255ea000-7fd1255eb000 ---p 00000000 00:00 0 
7fd1255eb000-7fd1256eb000 rw-p 00000000 00:00 0 
7fd1256eb000-7fd1256ec000 ---p 00000000 00:00 0 
7fd1256ec000-7fd1257ec000 rw-p 00000000 00:00 0 
7fd1257ec000-7fd1257ed000 ---p 00000000 00:00 0 
7fd1257ed000-7fd1258ed000 rw-p 00000000 00:00 0 
7fd1258ed000-7fd1258ee000 ---p 00000000 00:00 0 
7fd1258ee000-7fd1258f2000 ---p 00000000 00:00 0 
7fd1258f2000-7fd1259ee000 rw-p 00000000 00:00 0 
7fd1259ee000-7fd1259ef000 ---p 00000000 00:00 0 
7fd1259ef000-7fd1259f3000 ---p 00000000 00:00 0 
7fd1259f3000-7fd125aef000 rw-p 00000000 00:00 0 
7fd125aef000-7fd125af0000 ---p 00000000 00:00 0 
7fd125af0000-7fd125bf0000 rw-p 00000000 00:00 0 
7fd125bf0000-7fd125bf1000 ---p 00000000 00:00 0 
7fd125bf1000-7fd125cf1000 rw-p 00000000 00:00 0 
7fd125cf1000-7fd125cf2000 ---p 00000000 00:00 0 
7fd125cf2000-7fd125df2000 rw-p 00000000 00:00 0 
7fd125df2000-7fd125df3000 ---p 00000000 00:00 0 
7fd125df3000-7fd125ef3000 rw-p 00000000 00:00 0 
7fd125ef3000-7fd125ef4000 ---p 00000000 00:00 0 
7fd125ef4000-7fd125ff4000 rw-p 00000000 00:00 0 
7fd125ff4000-7fd125ff5000 ---p 00000000 00:00 0 
7fd125ff5000-7fd1260f5000 rw-p 00000000 00:00 0 
7fd1260f5000-7fd1260f6000 ---p 00000000 00:00 0 
7fd1260f6000-7fd1261f6000 rw-p 00000000 00:00 0 
7fd1261f6000-7fd1261f7000 ---p 00000000 00:00 0 
7fd1261f7000-7fd1262f7000 rw-p 00000000 00:00 0 
7fd1262f7000-7fd1262f8000 ---p 00000000 00:00 0 
7fd1262f8000-7fd1262fc000 ---p 00000000 00:00 0 
7fd1262fc000-7fd1263f8000 rw-p 00000000 00:00 0 
7fd1263f8000-7fd1263f9000 ---p 00000000 00:00 0 
7fd1263f9000-7fd1264f9000 rw-p 00000000 00:00 0 
7fd1264f9000-7fd1264fa000 ---p 00000000 00:00 0 
7fd1264fa000-7fd1265fa000 rw-p 00000000 00:00 0 
7fd1265fa000-7fd1265fb000 ---p 00000000 00:00 0 
7fd1265fb000-7fd1266fb000 rw-p 00000000 00:00 0 
7fd1266fb000-7fd1266fc000 ---p 00000000 00:00 0 
7fd1266fc000-7fd126700000 ---p 00000000 00:00 0 
7fd126700000-7fd1267fc000 rw-p 00000000 00:00 0 
7fd1267fc000-7fd1267fd000 ---p 00000000 00:00 0 
7fd1267fd000-7fd126801000 ---p 00000000 00:00 0 
7fd126801000-7fd1268fd000 rw-p 00000000 00:00 0 
7fd1268fd000-7fd1268fe000 ---p 00000000 00:00 0 
7fd1268fe000-7fd126902000 ---p 00000000 00:00 0 
7fd126902000-7fd1269fe000 rw-p 00000000 00:00 0 
7fd1269fe000-7fd1269ff000 ---p 00000000 00:00 0 
7fd1269ff000-7fd126a03000 ---p 00000000 00:00 0 
7fd126a03000-7fd126aff000 rw-p 00000000 00:00 0 
7fd126aff000-7fd126b00000 ---p 00000000 00:00 0 
7fd126b00000-7fd126b04000 ---p 00000000 00:00 0 
7fd126b04000-7fd126c00000 rw-p 00000000 00:00 0 
7fd126c00000-7fd126c03000 r-xp 00000000 00:39 3147858                    /tmp/jansi-2.4.2-bfa1fb574f624603-libjansi.so
7fd126c03000-7fd126e02000 ---p 00003000 00:39 3147858                    /tmp/jansi-2.4.2-bfa1fb574f624603-libjansi.so
7fd126e02000-7fd126e03000 r--p 00002000 00:39 3147858                    /tmp/jansi-2.4.2-bfa1fb574f624603-libjansi.so
7fd126e03000-7fd126e04000 rw-p 00003000 00:39 3147858                    /tmp/jansi-2.4.2-bfa1fb574f624603-libjansi.so
7fd126ef3000-7fd126ef4000 ---p 00000000 00:00 0 
7fd126ef4000-7fd126ef8000 ---p 00000000 00:00 0 
7fd126ef8000-7fd126ff4000 rw-p 00000000 00:00 0 
7fd126ff4000-7fd126ff5000 ---p 00000000 00:00 0 
7fd126ff5000-7fd126ff9000 ---p 00000000 00:00 0 
7fd126ff9000-7fd1270f5000 rw-p 00000000 00:00 0 
7fd1270f5000-7fd1270f6000 ---p 00000000 00:00 0 
7fd1270f6000-7fd1270fa000 ---p 00000000 00:00 0 
7fd1270fa000-7fd1271f6000 rw-p 00000000 00:00 0 
7fd1271f6000-7fd1271f7000 ---p 00000000 00:00 0 
7fd1271f7000-7fd1271fb000 ---p 00000000 00:00 0 
7fd1271fb000-7fd1272f7000 rw-p 00000000 00:00 0 
7fd1272f7000-7fd1272f8000 ---p 00000000 00:00 0 
7fd1272f8000-7fd1272fc000 ---p 00000000 00:00 0 
7fd1272fc000-7fd1273f8000 rw-p 00000000 00:00 0 
7fd1273f8000-7fd1273f9000 ---p 00000000 00:00 0 
7fd1273f9000-7fd1274f9000 rw-p 00000000 00:00 0 
7fd1274f9000-7fd1274fa000 ---p 00000000 00:00 0 
7fd1274fa000-7fd1274fe000 ---p 00000000 00:00 0 
7fd1274fe000-7fd1275fa000 rw-p 00000000 00:00 0 
7fd1275fa000-7fd1275fb000 ---p 00000000 00:00 0 
7fd1275fb000-7fd1275ff000 ---p 00000000 00:00 0 
7fd1275ff000-7fd1276fb000 rw-p 00000000 00:00 0 
7fd1276fb000-7fd1276fc000 ---p 00000000 00:00 0 
7fd1276fc000-7fd127700000 ---p 00000000 00:00 0 
7fd127700000-7fd1277fc000 rw-p 00000000 00:00 0 
7fd1277fc000-7fd1277fd000 ---p 00000000 00:00 0 
7fd1277fd000-7fd127801000 ---p 00000000 00:00 0 
7fd127801000-7fd1278fd000 rw-p 00000000 00:00 0 
7fd1278fd000-7fd1278fe000 ---p 00000000 00:00 0 
7fd1278fe000-7fd127902000 ---p 00000000 00:00 0 
7fd127902000-7fd1279fe000 rw-p 00000000 00:00 0 
7fd1279fe000-7fd1279ff000 ---p 00000000 00:00 0 
7fd1279ff000-7fd127a03000 ---p 00000000 00:00 0 
7fd127a03000-7fd127aff000 rw-p 00000000 00:00 0 
7fd127aff000-7fd127b00000 ---p 00000000 00:00 0 
7fd127b00000-7fd127b04000 ---p 00000000 00:00 0 
7fd127b04000-7fd127c00000 rw-p 00000000 00:00 0 
7fd127c00000-7fd127eeb000 r--p 00000000 00:39 3046337                    /usr/lib/locale/locale-archive
7fd127eff000-7fd127f00000 ---p 00000000 00:00 0 
7fd127f00000-7fd127f04000 ---p 00000000 00:00 0 
7fd127f04000-7fd128000000 rw-p 00000000 00:00 0 
7fd128000000-7fd128021000 rw-p 00000000 00:00 0 
7fd128021000-7fd12c000000 ---p 00000000 00:00 0 
7fd12c0ef000-7fd12c0f0000 ---p 00000000 00:00 0 
7fd12c0f0000-7fd12c0f4000 ---p 00000000 00:00 0 
7fd12c0f4000-7fd12c1f0000 rw-p 00000000 00:00 0 
7fd12c1f0000-7fd12c1f1000 ---p 00000000 00:00 0 
7fd12c1f1000-7fd12c1f5000 ---p 00000000 00:00 0 
7fd12c1f5000-7fd12c2f1000 rw-p 00000000 00:00 0 
7fd12c2f1000-7fd12c2f2000 ---p 00000000 00:00 0 
7fd12c2f2000-7fd12c3f2000 rw-p 00000000 00:00 0 
7fd12c3f2000-7fd12c3f3000 ---p 00000000 00:00 0 
7fd12c3f3000-7fd12c4f3000 rw-p 00000000 00:00 0 
7fd12c4f3000-7fd12c4f4000 ---p 00000000 00:00 0 
7fd12c4f4000-7fd12c5f4000 rw-p 00000000 00:00 0 
7fd12c5f4000-7fd12f350000 rw-p 00000000 00:00 0 
7fd12f350000-7fd12f3f4000 ---p 00000000 00:00 0 
7fd12f3f4000-7fd12f3f8000 rw-p 00000000 00:00 0 
7fd12f3f8000-7fd1310f4000 ---p 00000000 00:00 0 
7fd1310f4000-7fd1310fc000 rw-p 00000000 00:00 0 
7fd1310fc000-7fd131108000 rw-p 00000000 00:00 0 
7fd131200000-7fd131e80000 rwxp 00000000 00:00 0 
7fd131e80000-7fd13865f000 ---p 00000000 00:00 0 
7fd13865f000-7fd13895f000 rwxp 00000000 00:00 0 
7fd13895f000-7fd138da0000 ---p 00000000 00:00 0 
7fd138da0000-7fd139120000 rwxp 00000000 00:00 0 
7fd139120000-7fd140200000 ---p 00000000 00:00 0 
7fd140200000-7fd147e1f000 r--s 00000000 00:39 3048959                    /opt/java/openjdk/lib/modules
7fd147eff000-7fd1492bd000 rw-p 00000000 00:00 0 
7fd1492bd000-7fd14c000000 ---p 00000000 00:00 0 
7fd14c02c000-7fd14c031000 r--p 00000000 00:39 3048943                    /opt/java/openjdk/lib/libjsvml.so
7fd14c031000-7fd14c072000 r-xp 00005000 00:39 3048943                    /opt/java/openjdk/lib/libjsvml.so
7fd14c072000-7fd14c0fb000 r--p 00046000 00:39 3048943                    /opt/java/openjdk/lib/libjsvml.so
7fd14c0fb000-7fd14c0fc000 r--p 000ce000 00:39 3048943                    /opt/java/openjdk/lib/libjsvml.so
7fd14c0fc000-7fd14c0fd000 rw-p 000cf000 00:39 3048943                    /opt/java/openjdk/lib/libjsvml.so
7fd14c0fd000-7fd14c0fe000 ---p 00000000 00:00 0 
7fd14c0fe000-7fd14c1fe000 rw-p 00000000 00:00 0 
7fd14c1fe000-7fd14c1ff000 ---p 00000000 00:00 0 
7fd14c1ff000-7fd14c2ff000 rw-p 00000000 00:00 0 
7fd14c2ff000-7fd14c300000 ---p 00000000 00:00 0 
7fd14c300000-7fd14c400000 rw-p 00000000 00:00 0 
7fd14c400000-7fd14c550000 rw-p 00000000 00:00 0 
7fd14c550000-7fd14c5f4000 ---p 00000000 00:00 0 
7fd14c5f4000-7fd14c5f8000 rw-p 00000000 00:00 0 
7fd14c5f8000-7fd14e2f4000 ---p 00000000 00:00 0 
7fd14e2f4000-7fd14e2fc000 rw-p 00000000 00:00 0 
7fd14e2fc000-7fd14e308000 rw-p 00000000 00:00 0 
7fd14e37f000-7fd14e42a000 rw-p 00000000 00:00 0 
7fd14e42a000-7fd14e43e000 ---p 00000000 00:00 0 
7fd14e43e000-7fd14e43f000 rw-p 00000000 00:00 0 
7fd14e43f000-7fd14e7de000 ---p 00000000 00:00 0 
7fd14e7de000-7fd14e7e1000 rw-p 00000000 00:00 0 
7fd14e800000-7fd14e82a000 rw-p 00000000 00:00 0 
7fd14e82a000-7fd14e83e000 ---p 00000000 00:00 0 
7fd14e83e000-7fd14e83f000 rw-p 00000000 00:00 0 
7fd14e83f000-7fd14ebde000 ---p 00000000 00:00 0 
7fd14ebde000-7fd14ebe1000 rw-p 00000000 00:00 0 
7fd14ebf0000-7fd14ebf4000 r--p 00000000 00:39 3048957                    /opt/java/openjdk/lib/libverify.so
7fd14ebf4000-7fd14ebfb000 r-xp 00004000 00:39 3048957                    /opt/java/openjdk/lib/libverify.so
7fd14ebfb000-7fd14ebfd000 r--p 0000b000 00:39 3048957                    /opt/java/openjdk/lib/libverify.so
7fd14ebfd000-7fd14ebff000 r--p 0000c000 00:39 3048957                    /opt/java/openjdk/lib/libverify.so
7fd14ebff000-7fd14ec00000 rw-p 0000e000 00:39 3048957                    /opt/java/openjdk/lib/libverify.so
7fd14ec00000-7fd14ec2a000 rw-p 00000000 00:00 0 
7fd14ec2a000-7fd14ec3e000 ---p 00000000 00:00 0 
7fd14ec3e000-7fd14ec3f000 rw-p 00000000 00:00 0 
7fd14ec3f000-7fd14efde000 ---p 00000000 00:00 0 
7fd14efde000-7fd14efe1000 rw-p 00000000 00:00 0 
7fd14efe6000-7fd14efed000 r--s 00000000 00:39 3043166                    /usr/lib/x86_64-linux-gnu/gconv/gconv-modules.cache
7fd14efed000-7fd14fe4c000 rw-p 00000000 00:00 0 
7fd14fe4c000-7fd14ff2e000 ---p 00000000 00:00 0 
7fd14ff2e000-7fd14ff47000 rw-p 00000000 00:00 0 
7fd14ff47000-7fd150017000 ---p 00000000 00:00 0 
7fd150017000-7fd15001b000 ---p 00000000 00:00 0 
7fd15001b000-7fd150117000 rw-p 00000000 00:00 0 
7fd150117000-7fd150127000 r--p 00000000 00:39 3043237                    /usr/lib/x86_64-linux-gnu/libm.so.6
7fd150127000-7fd1501a6000 r-xp 00010000 00:39 3043237                    /usr/lib/x86_64-linux-gnu/libm.so.6
7fd1501a6000-7fd1501fe000 r--p 0008f000 00:39 3043237                    /usr/lib/x86_64-linux-gnu/libm.so.6
7fd1501fe000-7fd1501ff000 r--p 000e7000 00:39 3043237                    /usr/lib/x86_64-linux-gnu/libm.so.6
7fd1501ff000-7fd150200000 rw-p 000e8000 00:39 3043237                    /usr/lib/x86_64-linux-gnu/libm.so.6
7fd150200000-7fd150453000 r--p 00000000 00:39 3048971                    /opt/java/openjdk/lib/server/libjvm.so
7fd150453000-7fd15117c000 r-xp 00253000 00:39 3048971                    /opt/java/openjdk/lib/server/libjvm.so
7fd15117c000-7fd151409000 r--p 00f7c000 00:39 3048971                    /opt/java/openjdk/lib/server/libjvm.so
7fd151409000-7fd15140a000 ---p 01209000 00:39 3048971                    /opt/java/openjdk/lib/server/libjvm.so
7fd15140a000-7fd1514c3000 r--p 01209000 00:39 3048971                    /opt/java/openjdk/lib/server/libjvm.so
7fd1514c3000-7fd1514f8000 rw-p 012c2000 00:39 3048971                    /opt/java/openjdk/lib/server/libjvm.so
7fd1514f8000-7fd151553000 rw-p 00000000 00:00 0 
7fd151556000-7fd151557000 r--p 00000000 00:39 3043302                    /usr/lib/x86_64-linux-gnu/libutil.so.1
7fd151557000-7fd151558000 r-xp 00001000 00:39 3043302                    /usr/lib/x86_64-linux-gnu/libutil.so.1
7fd151558000-7fd151559000 r--p 00002000 00:39 3043302                    /usr/lib/x86_64-linux-gnu/libutil.so.1
7fd151559000-7fd15155a000 r--p 00002000 00:39 3043302                    /usr/lib/x86_64-linux-gnu/libutil.so.1
7fd15155a000-7fd15155b000 rw-p 00003000 00:39 3043302                    /usr/lib/x86_64-linux-gnu/libutil.so.1
7fd15155e000-7fd15159f000 rw-p 00000000 00:00 0 
7fd1515a0000-7fd1515a2000 r--p 00000000 00:39 3048958                    /opt/java/openjdk/lib/libzip.so
7fd1515a2000-7fd1515b4000 r-xp 00002000 00:39 3048958                    /opt/java/openjdk/lib/libzip.so
7fd1515b4000-7fd1515bc000 r--p 00014000 00:39 3048958                    /opt/java/openjdk/lib/libzip.so
7fd1515bc000-7fd1515bd000 r--p 0001b000 00:39 3048958                    /opt/java/openjdk/lib/libzip.so
7fd1515bd000-7fd1515be000 rw-p 0001c000 00:39 3048958                    /opt/java/openjdk/lib/libzip.so
7fd1515be000-7fd1515c2000 r--p 00000000 00:39 3048949                    /opt/java/openjdk/lib/libnet.so
7fd1515c2000-7fd1515d0000 r-xp 00004000 00:39 3048949                    /opt/java/openjdk/lib/libnet.so
7fd1515d0000-7fd1515d4000 r--p 00012000 00:39 3048949                    /opt/java/openjdk/lib/libnet.so
7fd1515d4000-7fd1515d5000 r--p 00015000 00:39 3048949                    /opt/java/openjdk/lib/libnet.so
7fd1515d5000-7fd1515d6000 rw-p 00016000 00:39 3048949                    /opt/java/openjdk/lib/libnet.so
7fd1515d6000-7fd1515e4000 r--p 00000000 00:39 3048935                    /opt/java/openjdk/lib/libjava.so
7fd1515e4000-7fd1515f6000 r-xp 0000e000 00:39 3048935                    /opt/java/openjdk/lib/libjava.so
7fd1515f6000-7fd1515fc000 r--p 00020000 00:39 3048935                    /opt/java/openjdk/lib/libjava.so
7fd1515fc000-7fd1515fd000 ---p 00026000 00:39 3048935                    /opt/java/openjdk/lib/libjava.so
7fd1515fd000-7fd1515fe000 r--p 00026000 00:39 3048935                    /opt/java/openjdk/lib/libjava.so
7fd1515fe000-7fd1515ff000 rw-p 00027000 00:39 3048935                    /opt/java/openjdk/lib/libjava.so
7fd1515ff000-7fd151600000 rw-p 00000000 00:00 0 
7fd151600000-7fd151628000 r--p 00000000 00:39 3043195                    /usr/lib/x86_64-linux-gnu/libc.so.6
7fd151628000-7fd1517b0000 r-xp 00028000 00:39 3043195                    /usr/lib/x86_64-linux-gnu/libc.so.6
7fd1517b0000-7fd1517ff000 r--p 001b0000 00:39 3043195                    /usr/lib/x86_64-linux-gnu/libc.so.6
7fd1517ff000-7fd151803000 r--p 001fe000 00:39 3043195                    /usr/lib/x86_64-linux-gnu/libc.so.6
7fd151803000-7fd151805000 rw-p 00202000 00:39 3043195                    /usr/lib/x86_64-linux-gnu/libc.so.6
7fd151805000-7fd151812000 rw-p 00000000 00:00 0 
7fd151813000-7fd15181a000 r--p 00000000 00:39 3048950                    /opt/java/openjdk/lib/libnio.so
7fd15181a000-7fd151823000 r-xp 00007000 00:39 3048950                    /opt/java/openjdk/lib/libnio.so
7fd151823000-7fd151827000 r--p 00010000 00:39 3048950                    /opt/java/openjdk/lib/libnio.so
7fd151827000-7fd151828000 ---p 00014000 00:39 3048950                    /opt/java/openjdk/lib/libnio.so
7fd151828000-7fd151829000 r--p 00014000 00:39 3048950                    /opt/java/openjdk/lib/libnio.so
7fd151829000-7fd15182a000 rw-p 00015000 00:39 3048950                    /opt/java/openjdk/lib/libnio.so
7fd15182a000-7fd151830000 rw-p 00000000 00:00 0 
7fd151830000-7fd151839000 ---p 00000000 00:00 0 
7fd151839000-7fd151841000 rw-s 00000000 00:39 3147548                    /tmp/hsperfdata_root/1
7fd151841000-7fd151845000 r--p 00000000 00:39 3048939                    /opt/java/openjdk/lib/libjimage.so
7fd151845000-7fd151858000 r-xp 00004000 00:39 3048939                    /opt/java/openjdk/lib/libjimage.so
7fd151858000-7fd15185e000 r--p 00017000 00:39 3048939                    /opt/java/openjdk/lib/libjimage.so
7fd15185e000-7fd151860000 r--p 0001c000 00:39 3048939                    /opt/java/openjdk/lib/libjimage.so
7fd151860000-7fd151861000 rw-p 0001e000 00:39 3048939                    /opt/java/openjdk/lib/libjimage.so
7fd151861000-7fd151862000 r--p 00000000 00:39 3043276                    /usr/lib/x86_64-linux-gnu/librt.so.1
7fd151862000-7fd151863000 r-xp 00001000 00:39 3043276                    /usr/lib/x86_64-linux-gnu/librt.so.1
7fd151863000-7fd151864000 r--p 00002000 00:39 3043276                    /usr/lib/x86_64-linux-gnu/librt.so.1
7fd151864000-7fd151865000 r--p 00002000 00:39 3043276                    /usr/lib/x86_64-linux-gnu/librt.so.1
7fd151865000-7fd151866000 rw-p 00003000 00:39 3043276                    /usr/lib/x86_64-linux-gnu/librt.so.1
7fd151866000-7fd151868000 rw-p 00000000 00:00 0 
7fd151868000-7fd151869000 r--p 00000000 00:39 3043209                    /usr/lib/x86_64-linux-gnu/libdl.so.2
7fd151869000-7fd15186a000 r-xp 00001000 00:39 3043209                    /usr/lib/x86_64-linux-gnu/libdl.so.2
7fd15186a000-7fd15186b000 r--p 00002000 00:39 3043209                    /usr/lib/x86_64-linux-gnu/libdl.so.2
7fd15186b000-7fd15186c000 r--p 00002000 00:39 3043209                    /usr/lib/x86_64-linux-gnu/libdl.so.2
7fd15186c000-7fd15186d000 rw-p 00003000 00:39 3043209                    /usr/lib/x86_64-linux-gnu/libdl.so.2
7fd15186d000-7fd15186e000 r--p 00000000 00:39 3043274                    /usr/lib/x86_64-linux-gnu/libpthread.so.0
7fd15186e000-7fd15186f000 r-xp 00001000 00:39 3043274                    /usr/lib/x86_64-linux-gnu/libpthread.so.0
7fd15186f000-7fd151870000 r--p 00002000 00:39 3043274                    /usr/lib/x86_64-linux-gnu/libpthread.so.0
7fd151870000-7fd151871000 r--p 00002000 00:39 3043274                    /usr/lib/x86_64-linux-gnu/libpthread.so.0
7fd151871000-7fd151872000 rw-p 00003000 00:39 3043274                    /usr/lib/x86_64-linux-gnu/libpthread.so.0
7fd151872000-7fd151873000 ---p 00000000 00:00 0 
7fd151873000-7fd151874000 r--p 00000000 00:00 0 
7fd151874000-7fd151875000 ---p 00000000 00:00 0 
7fd151875000-7fd151878000 r--p 00000000 00:39 3048940                    /opt/java/openjdk/lib/libjli.so
7fd151878000-7fd151888000 r-xp 00003000 00:39 3048940                    /opt/java/openjdk/lib/libjli.so
7fd151888000-7fd15188f000 r--p 00013000 00:39 3048940                    /opt/java/openjdk/lib/libjli.so
7fd15188f000-7fd151890000 r--p 00019000 00:39 3048940                    /opt/java/openjdk/lib/libjli.so
7fd151890000-7fd151891000 rw-p 0001a000 00:39 3048940                    /opt/java/openjdk/lib/libjli.so
7fd151891000-7fd151893000 rw-p 00000000 00:00 0 
7fd151893000-7fd151897000 r--p 00000000 00:00 0                          [vvar]
7fd151897000-7fd151899000 r-xp 00000000 00:00 0                          [vdso]
7fd151899000-7fd15189a000 r--p 00000000 00:39 3043175                    /usr/lib/x86_64-linux-gnu/ld-linux-x86-64.so.2
7fd15189a000-7fd1518c5000 r-xp 00001000 00:39 3043175                    /usr/lib/x86_64-linux-gnu/ld-linux-x86-64.so.2
7fd1518c5000-7fd1518cf000 r--p 0002c000 00:39 3043175                    /usr/lib/x86_64-linux-gnu/ld-linux-x86-64.so.2
7fd1518cf000-7fd1518d1000 r--p 00036000 00:39 3043175                    /usr/lib/x86_64-linux-gnu/ld-linux-x86-64.so.2
7fd1518d1000-7fd1518d3000 rw-p 00038000 00:39 3043175                    /usr/lib/x86_64-linux-gnu/ld-linux-x86-64.so.2
7ffc756c8000-7ffc756e9000 rw-p 00000000 00:00 0                          [stack]
ffffffffff600000-ffffffffff601000 r-xp 00000000 00:00 0                  [vsyscall]


VM Arguments:
jvm_args: --enable-native-access=ALL-UNNAMED -Dclassworlds.conf=/usr/share/maven/bin/m2.conf -Dmaven.home=/usr/share/maven -Dlibrary.jansi.path=/usr/share/maven/lib/jansi-native -Dmaven.multiModuleProjectDirectory=/app 
java_command: org.codehaus.plexus.classworlds.launcher.Launcher spring-boot:run
java_class_path (initial): /usr/share/maven/boot/plexus-classworlds-2.9.0.jar
Launcher Type: SUN_STANDARD

[Global flags]
     intx CICompilerCount                          = 12                                        {product} {ergonomic}
     uint ConcGCThreads                            = 3                                         {product} {ergonomic}
     uint G1ConcRefinementThreads                  = 13                                        {product} {ergonomic}
   size_t G1HeapRegionSize                         = 1048576                                   {product} {ergonomic}
    uintx GCDrainStackTargetSize                   = 64                                        {product} {ergonomic}
   size_t InitialHeapSize                          = 132120576                                 {product} {ergonomic}
   size_t MarkStackSize                            = 4194304                                   {product} {ergonomic}
   size_t MaxHeapSize                              = 2082471936                                {product} {ergonomic}
   size_t MaxNewSize                               = 1248854016                                {product} {ergonomic}
   size_t MinHeapDeltaBytes                        = 1048576                                   {product} {ergonomic}
   size_t MinHeapSize                              = 8388608                                   {product} {ergonomic}
    uintx NonNMethodCodeHeapSize                   = 7602480                                {pd product} {ergonomic}
    uintx NonProfiledCodeHeapSize                  = 122027880                              {pd product} {ergonomic}
    uintx ProfiledCodeHeapSize                     = 122027880                              {pd product} {ergonomic}
    uintx ReservedCodeCacheSize                    = 251658240                              {pd product} {ergonomic}
     bool SegmentedCodeCache                       = true                                      {product} {ergonomic}
   size_t SoftMaxHeapSize                          = 2082471936                             {manageable} {ergonomic}
     bool UseCompressedClassPointers               = true                           {product lp64_product} {ergonomic}
     bool UseCompressedOops                        = true                           {product lp64_product} {ergonomic}
     bool UseG1GC                                  = true                                      {product} {ergonomic}

Logging:
Log output configuration:
 #0: stdout all=warning uptime,level,tags
 #1: stderr all=off uptime,level,tags

Environment Variables:
JAVA_HOME=/opt/java/openjdk
PATH=/opt/java/openjdk/bin:/usr/local/sbin:/usr/local/bin:/usr/sbin:/usr/bin:/sbin:/bin
LANG=en_US.UTF-8
LC_ALL=en_US.UTF-8

Active Locale:
LC_ALL=en_US.UTF-8
LC_COLLATE=en_US.UTF-8
LC_CTYPE=en_US.UTF-8
LC_MESSAGES=en_US.UTF-8
LC_MONETARY=en_US.UTF-8
LC_NUMERIC=en_US.UTF-8
LC_TIME=en_US.UTF-8

Signal Handlers:
   SIGSEGV: crash_handler in libjvm.so, mask=11100100010111111101111111111110, flags=SA_RESTART|SA_SIGINFO, unblocked
    SIGBUS: crash_handler in libjvm.so, mask=11100100010111111101111111111110, flags=SA_RESTART|SA_SIGINFO, unblocked
    SIGFPE: crash_handler in libjvm.so, mask=11100100010111111101111111111110, flags=SA_RESTART|SA_SIGINFO, unblocked
   SIGPIPE: javaSignalHandler in libjvm.so, mask=11100100010111111101111111111110, flags=SA_RESTART|SA_SIGINFO, blocked
   SIGXFSZ: javaSignalHandler in libjvm.so, mask=11100100010111111101111111111110, flags=SA_RESTART|SA_SIGINFO, blocked
    SIGILL: crash_handler in libjvm.so, mask=11100100010111111101111111111110, flags=SA_RESTART|SA_SIGINFO, unblocked
   SIGUSR2: SR_handler in libjvm.so, mask=00000000000000000000000000000000, flags=SA_RESTART|SA_SIGINFO, blocked
    SIGHUP: UserHandler in libjvm.so, mask=11100100010111111101111111111110, flags=SA_RESTART|SA_SIGINFO, blocked
    SIGINT: UserHandler in libjvm.so, mask=11100100010111111101111111111110, flags=SA_RESTART|SA_SIGINFO, blocked
   SIGTERM: UserHandler in libjvm.so, mask=11100100010111111101111111111110, flags=SA_RESTART|SA_SIGINFO, blocked
   SIGQUIT: UserHandler in libjvm.so, mask=11100100010111111101111111111110, flags=SA_RESTART|SA_SIGINFO, blocked
   SIGTRAP: crash_handler in libjvm.so, mask=11100100010111111101111111111110, flags=SA_RESTART|SA_SIGINFO, unblocked


Periodic native trim disabled


---------------  S Y S T E M  ---------------

OS:
DISTRIB_ID=Ubuntu
DISTRIB_RELEASE=24.04
DISTRIB_CODENAME=noble
DISTRIB_DESCRIPTION="Ubuntu 24.04.3 LTS"
uname: Linux 6.10.14-linuxkit #1 SMP PREEMPT_DYNAMIC Wed Sep 10 06:48:35 UTC 2025 x86_64
OS uptime: 0 days 11:47 hours
libc: glibc 2.39 NPTL 2.39 
rlimit (soft/hard): STACK 8192k/infinity , CORE 0k/infinity , NPROC infinity/infinity , NOFILE 1048576/1048576 , AS infinity/infinity , CPU infinity/infinity , DATA infinity/infinity , FSIZE infinity/infinity , MEMLOCK infinity/infinity
load average: 3.79 2.54 2.26

/proc/meminfo:
MemTotal:        8127924 kB
MemFree:         6388104 kB
MemAvailable:    6712180 kB
Buffers:           46620 kB
Cached:           485072 kB
SwapCached:            0 kB
Active:          1224848 kB
Inactive:         197508 kB
Active(anon):     891352 kB
Inactive(anon):        0 kB
Active(file):     333496 kB
Inactive(file):   197508 kB
Unevictable:           0 kB
Mlocked:               0 kB
SwapTotal:       1048572 kB
SwapFree:        1048572 kB
Dirty:                60 kB
Writeback:             0 kB
AnonPages:        882220 kB
Mapped:           212804 kB
Shmem:               620 kB
KReclaimable:      28192 kB
Slab:              88072 kB
SReclaimable:      28192 kB
SUnreclaim:        59880 kB
KernelStack:        6880 kB
PageTables:         5000 kB
SecPageTables:         0 kB
NFS_Unstable:          0 kB
Bounce:                0 kB
WritebackTmp:          0 kB
CommitLimit:     5112532 kB
Committed_AS:    2103112 kB
VmallocTotal:   34359738367 kB
VmallocUsed:        5664 kB
VmallocChunk:          0 kB
Percpu:             6208 kB
AnonHugePages:    505856 kB
ShmemHugePages:        0 kB
ShmemPmdMapped:        0 kB
FileHugePages:         0 kB
FilePmdMapped:         0 kB
HugePages_Total:       0
HugePages_Free:        0
HugePages_Rsvd:        0
HugePages_Surp:        0
Hugepagesize:       2048 kB
Hugetlb:               0 kB
DirectMap4k:       47104 kB
DirectMap2M:     8341504 kB

/sys/kernel/mm/transparent_hugepage/enabled: [always] madvise never
/sys/kernel/mm/transparent_hugepage/hpage_pmd_size: 2097152
/sys/kernel/mm/transparent_hugepage/defrag (defrag/compaction efforts parameter): always defer defer+madvise [madvise] never

Process Memory:
Virtual Size: 6770952K (peak: 6833828K)
Resident Set Size: 282012K (peak: 288612K) (anon: 250736K, file: 31276K, shmem: 0K)
Swapped out: 0K
C-Heap outstanding allocations: 99215K, retained: 34840K
glibc malloc tunables: (default)

/proc/sys/kernel/threads-max (system-wide limit on the number of threads): 63459
/proc/sys/vm/max_map_count (maximum number of memory map areas a process may have): 262144
/proc/sys/vm/swappiness (control to define how aggressively the kernel swaps out anonymous memory): 60
/proc/sys/kernel/pid_max (system-wide limit on number of process identifiers): 99999

container (cgroup) information:
container_type: cgroupv2
cpu_cpuset_cpus: not supported
cpu_memory_nodes: not supported
active_processor_count: 16
cpu_quota: no quota
cpu_period: 100000
cpu_shares: no shares
memory_limit_in_bytes: unlimited
memory_and_swap_limit_in_bytes: unlimited
memory_soft_limit_in_bytes: 0
memory_usage_in_bytes: 259100 k
memory_max_usage_in_bytes: not supported
rss_usage_in_bytes: 251532 k
cache_usage_in_bytes: 388 k
memory_swap_current_in_bytes: 0
memory_swap_max_limit_in_bytes: unlimited
maximum number of tasks: unlimited
current number of tasks: 46

Steal ticks since vm start: 0
Steal ticks percentage since vm start:  0.000

CPU: total 16 (initial active 16) (16 cores per cpu, 1 threads per core) family 6 model 158 stepping 13 microcode 0x0, cx8, cmov, fxsr, mmx, 3dnowpref, sse, sse2, sse3, ssse3, sse4.1, sse4.2, popcnt, lzcnt, tsc, tscinvbit, avx, avx2, aes, erms, clmul, bmi1, bmi2, adx, fma, vzeroupper, clflush, clflushopt, hv
CPU Model and flags from /proc/cpuinfo:
model name	: Intel(R) Core(TM) i9-9880H CPU @ 2.30GHz
flags		: fpu vme de pse tsc msr pae mce cx8 apic sep mtrr pge mca cmov pat pse36 clflush mmx fxsr sse sse2 ht syscall nx lm constant_tsc rep_good nopl xtopology nonstop_tsc cpuid pni pclmulqdq ssse3 fma cx16 pcid sse4_1 sse4_2 movbe popcnt aes xsave avx f16c rdrand hypervisor lahf_lm abm 3dnowprefetch pti fsgsbase bmi1 avx2 smep bmi2 erms rdseed adx smap clflushopt xsaveopt xsavec xgetbv1 arat

Online cpus: 0-15
Offline cpus: 
BIOS frequency limitation: <Not Available>
Frequency switch latency (ns): <Not Available>
Available cpu frequencies: <Not Available>
Current governor: <Not Available>
Core performance/turbo boost: <Not Available>

Memory: 4k page, physical 8127924k(6388104k free), swap 1048572k(1048572k free)
Page Sizes: 4k

vm_info: OpenJDK 64-Bit Server VM (17.0.17+10) for linux-amd64 JRE (17.0.17+10), built on Oct 21 2025 00:00:00 by "admin" with gcc 10.3.0

END.
